Logged in.

[EN]
  Loading https://order.marykayintouch.com/opos?lang=en_US ...
  Clicking Expand All...
  Extracting products...
  Found 388 products.

[ES]
  Loading https://order.marykayintouch.com/opos?lang=es_US ...
  Clicking Expand All...
  Warning: could not click Expand All: Locator.click: Timeout 30000ms exceeded.
Call log:
  - waiting for get_by_text("Expand All")

  Extracting products...
  Found 388 products.
  Auto-labeled: 10208384 → TimeWise Repair Volu-Firm Day Cream Sunscreen Broad Spectrum SPF 30 (Old SKU)

[EN] Done.
  Catalog before : 485 SKUs
  Scraped        : 388 products
  Total now      : 486 SKUs
  Saved to       : /Users/desktop/Documents/Brian's Folder/Python Projects/MK Automation/catalog/en.csv

  NEW (1):
    + 10257266  TimeWise Repair Volu-Firm Day Cream Sunscreen Broad Spectrum SPF 30  $54.00

  OLD SKU LABELED (1):
    ! 10208384  TimeWise Repair Volu-Firm Day Cream Sunscreen Broad Spectrum SPF 30 (Old SKU)  (replaced by 10257266)

  ⚠️  NEW PART NUMBER (2) — verify old SKU was correctly labeled:
    ⚠  10254234  TimeWise 4-in-1 Cleanser - Normal/Dry  $26.00
    ⚠  10257266  TimeWise Repair Volu-Firm Day Cream Sunscreen Broad Spectrum SPF 30  $54.00

[ES] Done.
  Catalog before : 485 SKUs
  Scraped        : 388 products
  Total now      : 486 SKUs
  Saved to       : /Users/desktop/Documents/Brian's Folder/Python Projects/MK Automation/catalog/es.csv

  NEW (1):
    + 10257266  TimeWise Repair Volu-Firm Day Cream Sunscreen Broad Spectrum SPF 30  $54.00

Sending change summary email...
  Email sent to briankrause@gmail.com
Logged in.

[EN]
  Loading https://order.marykayintouch.com/opos?lang=en_US ...
  Clicking Expand All...
  Extracting products...
  Found 388 products.

[ES]
  Loading https://order.marykayintouch.com/opos?lang=es_US ...
  Clicking Expand All...
  Warning: could not click Expand All: Locator.click: Timeout 30000ms exceeded.
Call log:
  - waiting for get_by_text("Expand All")

  Extracting products...
  Found 388 products.

[EN] Done.
  Catalog before : 486 SKUs
  Scraped        : 388 products
  Total now      : 486 SKUs
  Saved to       : /Users/desktop/Documents/Brian's Folder/Python Projects/MK Automation/catalog/en.csv
  No changes.

[ES] Done.
  Catalog before : 486 SKUs
  Scraped        : 388 products
  Total now      : 486 SKUs
  Saved to       : /Users/desktop/Documents/Brian's Folder/Python Projects/MK Automation/catalog/es.csv
  No changes.

No changes — skipping email.
Logged in.

[EN]
  Loading https://order.marykayintouch.com/opos?lang=en_US ...
  Clicking Expand All...
  Extracting products...
  Found 388 products.

[ES]
  Loading https://order.marykayintouch.com/opos?lang=es_US ...
  Clicking Expand All...
  Warning: could not click Expand All: Locator.click: Timeout 30000ms exceeded.
Call log:
  - waiting for get_by_text("Expand All")

  Extracting products...
  Found 388 products.

[EN] Done.
  Catalog before : 486 SKUs
  Scraped        : 388 products
  Total now      : 487 SKUs
  Saved to       : /Users/desktop/Documents/Brian's Folder/Python Projects/MK Automation/catalog/en.csv

  NEW (1):
    + 10243392  TimeWise Repair Volu-Firm Night Treatment  $54.00

[ES] Done.
  Catalog before : 486 SKUs
  Scraped        : 388 products
  Total now      : 487 SKUs
  Saved to       : /Users/desktop/Documents/Brian's Folder/Python Projects/MK Automation/catalog/es.csv

  NEW (1):
    + 10243392  TimeWise Repair Volu-Firm Night Treatment  $54.00

Sending change summary email...
  Email sent to briankrause@gmail.com
Logged in.

[EN]
  Loading https://order.marykayintouch.com/opos?lang=en_US ...
  Clicking Expand All...
  Warning: could not click Expand All: Locator.click: Timeout 30000ms exceeded.
Call log:
  - waiting for get_by_text("Expand All")

  Extracting products...
  Found 0 products.

[ES]
  Loading https://order.marykayintouch.com/opos?lang=es_US ...
  Clicking Expand All...
  Warning: could not click Expand All: Locator.click: Timeout 30000ms exceeded.
Call log:
  - waiting for get_by_text("Expand All")

  Extracting products...
  Found 388 products.

[EN] No products found — skipping.

[ES] Done.
  Catalog before : 487 SKUs
  Scraped        : 388 products
  Total now      : 487 SKUs
  Saved to       : /Users/desktop/Documents/Brian's Folder/Python Projects/MK Automation/catalog/es.csv
  No changes.

No changes — skipping email.
Logged in.

[EN]
  Loading https://order.marykayintouch.com/opos?lang=en_US ...
  Clicking Expand All...
  Extracting products...
  Found 403 products.

[ES]
  Loading https://order.marykayintouch.com/opos?lang=es_US ...
  Clicking Expand All...
  Warning: could not click Expand All: Locator.click: Timeout 30000ms exceeded.
Call log:
  - waiting for get_by_text("Expand All")

  Extracting products...
  Found 403 products.

[EN] Done.
  Catalog before : 487 SKUs
  Scraped        : 403 products
  Total now      : 487 SKUs
  Saved to       : /Users/desktop/Documents/Brian's Folder/Python Projects/MK Automation/catalog/en.csv
  No changes.

[ES] Done.
  Catalog before : 487 SKUs
  Scraped        : 403 products
  Total now      : 487 SKUs
  Saved to       : /Users/desktop/Documents/Brian's Folder/Python Projects/MK Automation/catalog/es.csv
  No changes.

No changes — skipping email.
Logged in.

[EN]
  Loading https://order.marykayintouch.com/opos?lang=en_US ...
  Clicking Expand All...
  Warning: could not click Expand All: Locator.click: Timeout 30000ms exceeded.
Call log:
  - waiting for get_by_text("Expand All")

  Extracting products...
  Found 0 products.

[ES]
  Loading https://order.marykayintouch.com/opos?lang=es_US ...
  Clicking Expand All...
  Warning: could not click Expand All: Locator.click: Timeout 30000ms exceeded.
Call log:
  - waiting for get_by_text("Expand All")

  Extracting products...
  Found 403 products.

[EN] No products found — skipping.

[ES] Done.
  Catalog before : 487 SKUs
  Scraped        : 403 products
  Total now      : 487 SKUs
  Saved to       : /Users/desktop/Documents/Brian's Folder/Python Projects/MK Automation/catalog/es.csv
  No changes.

No changes — skipping email.
Logged in.

[EN]
  Loading https://order.marykayintouch.com/opos?lang=en_US ...
  Clicking Expand All...
  Extracting products...
  Found 403 products.

[ES]
  Loading https://order.marykayintouch.com/opos?lang=es_US ...
  Clicking Expand All...
  Warning: could not click Expand All: Locator.click: Timeout 30000ms exceeded.
Call log:
  - waiting for get_by_text("Expand All")

  Extracting products...
  Found 403 products.

[EN] Done.
  Catalog before : 487 SKUs
  Scraped        : 403 products
  Total now      : 487 SKUs
  Saved to       : /Users/desktop/Documents/Brian's Folder/Python Projects/MK Automation/catalog/en.csv
  No changes.

[ES] Done.
  Catalog before : 487 SKUs
  Scraped        : 403 products
  Total now      : 487 SKUs
  Saved to       : /Users/desktop/Documents/Brian's Folder/Python Projects/MK Automation/catalog/es.csv
  No changes.

No changes — skipping email.
Logged in.

[EN]
  Loading https://order.marykayintouch.com/opos?lang=en_US ...
  Clicking Expand All...
  Warning: could not click Expand All: Locator.click: Timeout 30000ms exceeded.
Call log:
  - waiting for get_by_text("Expand All")

  Extracting products...
  Found 0 products.

[ES]
  Loading https://order.marykayintouch.com/opos?lang=es_US ...
  Clicking Expand All...
  Warning: could not click Expand All: Locator.click: Timeout 30000ms exceeded.
Call log:
  - waiting for get_by_text("Expand All")

  Extracting products...
  Found 403 products.

[EN] No products found — skipping.

[ES] Done.
  Catalog before : 487 SKUs
  Scraped        : 403 products
  Total now      : 487 SKUs
  Saved to       : /Users/desktop/Documents/Brian's Folder/Python Projects/MK Automation/catalog/es.csv
  No changes.

No changes — skipping email.
Logged in.

[EN]
  Loading https://order.marykayintouch.com/opos?lang=en_US ...
  Clicking Expand All...
  Warning: could not click Expand All: Locator.click: Timeout 30000ms exceeded.
Call log:
  - waiting for get_by_text("Expand All")

  Extracting products...
  Found 0 products.

[ES]
  Loading https://order.marykayintouch.com/opos?lang=es_US ...
  Clicking Expand All...
  Warning: could not click Expand All: Locator.click: Timeout 30000ms exceeded.
Call log:
  - waiting for get_by_text("Expand All")

  Extracting products...
  Found 403 products.

[EN] No products found — skipping.

[ES] Done.
  Catalog before : 487 SKUs
  Scraped        : 403 products
  Total now      : 487 SKUs
  Saved to       : /Users/desktop/Documents/Brian's Folder/Python Projects/MK Automation/catalog/es.csv
  No changes.

No changes — skipping email.
Logged in.

[EN]
  Loading https://order.marykayintouch.com/opos?lang=en_US ...
  Clicking Expand All...
  Extracting products...
  Found 403 products.

[ES]
  Loading https://order.marykayintouch.com/opos?lang=es_US ...
  Clicking Expand All...
  Warning: could not click Expand All: Locator.click: Timeout 30000ms exceeded.
Call log:
  - waiting for get_by_text("Expand All")

  Extracting products...
  Found 403 products.

[EN] Done.
  Catalog before : 487 SKUs
  Scraped        : 403 products
  Total now      : 487 SKUs
  Saved to       : /Users/desktop/Documents/Brian's Folder/Python Projects/MK Automation/catalog/en.csv
  No changes.

[ES] Done.
  Catalog before : 487 SKUs
  Scraped        : 403 products
  Total now      : 487 SKUs
  Saved to       : /Users/desktop/Documents/Brian's Folder/Python Projects/MK Automation/catalog/es.csv
  No changes.

No changes — skipping email.
Logged in.

[EN]
  Loading https://order.marykayintouch.com/opos?lang=en_US ...
  Clicking Expand All...
  Extracting products...
  Found 403 products.
  Scraping PDF links for 42 products (first-run may take several minutes)...
  Found PDF links for 0 of 42 products.

[ES]
  Loading https://order.marykayintouch.com/opos?lang=es_US ...
  Clicking Expand All...
  Warning: could not click Expand All: Locator.click: Timeout 30000ms exceeded.
Call log:
  - waiting for get_by_text("Expand All")

  Extracting products...
  Found 403 products.

[EN] Done.
  Catalog before : 487 SKUs
  Scraped        : 403 products
  Total now      : 487 SKUs
  Saved to       : /Users/desktop/Documents/Brian's Folder/Python Projects/MK Automation/catalog/en.csv
  No changes.

[ES] Done.
  Catalog before : 487 SKUs
  Scraped        : 403 products
  Total now      : 487 SKUs
  Saved to       : /Users/desktop/Documents/Brian's Folder/Python Projects/MK Automation/catalog/es.csv
  No changes.

No changes — skipping email.
Logged in.

[EN]
  Loading https://order.marykayintouch.com/opos?lang=en_US ...
  Clicking Expand All...
  Warning: could not click Expand All: Locator.click: Timeout 30000ms exceeded.
Call log:
  - waiting for get_by_text("Expand All")

  Extracting products...
  Found 0 products.

[ES]
  Loading https://order.marykayintouch.com/opos?lang=es_US ...
  Clicking Expand All...
  Warning: could not click Expand All: Locator.click: Timeout 30000ms exceeded.
Call log:
  - waiting for get_by_text("Expand All")

  Extracting products...
  Found 403 products.

[EN] No products found — skipping.
  Auto-labeled: 10155219 → Mary Kay Supreme Hydrating Lipstick - Rockstar Red (Old SKU)

[ES] Done.
  Catalog before : 487 SKUs
  Scraped        : 403 products
  Total now      : 488 SKUs
  Saved to       : /Users/desktop/Documents/Brian's Folder/Python Projects/MK Automation/catalog/es.csv

  NEW (1):
    + 10249163  Mary Kay Supreme Hydrating Lipstick - Rockstar Red  $20.00

  OLD SKU LABELED (1):
    ! 10155219  Mary Kay Supreme Hydrating Lipstick - Rockstar Red (Old SKU)  (replaced by 10249163)

Sending change summary email...
  Email sent to briankrause@gmail.com
Logged in.

[EN]
  Loading https://order.marykayintouch.com/opos?lang=en_US ...
  Clicking Expand All...
  Extracting products...
  Found 403 products.
  Scraping PDF links for 46 products (first-run may take several minutes)...
  Found PDF links for 4 of 46 products.

[ES]
  Loading https://order.marykayintouch.com/opos?lang=es_US ...
  Clicking Expand All...
  Warning: could not click Expand All: Locator.click: Timeout 30000ms exceeded.
Call log:
  - waiting for get_by_text("Expand All")

  Extracting products...
  Found 403 products.
  Auto-labeled: 10155219 → Mary Kay Supreme Hydrating Lipstick - Rockstar Red (Old SKU)
  Extracting use-up rates from 2 fact sheet PDFs...
    Warning: SKU 10088632: <urlopen error [SSL: CERTIFICATE_VERIFY_FAILED] certificate verify failed: Hostname mismatch, certificate is not valid for 'nar1uat-mknar-marykayintouch.cs1.force.com'. (_ssl.c:1081)>
  Found use-up rates for 0 products, 1 confirmed none, 1 skipped (will retry).

[EN] Done.
  Catalog before : 487 SKUs
  Scraped        : 403 products
  Total now      : 488 SKUs
  Saved to       : /Users/desktop/Documents/Brian's Folder/Python Projects/MK Automation/catalog/en.csv

  NEW (1):
    + 10249163  Mary Kay Supreme Hydrating Lipstick - Rockstar Red  $20.00

  OLD SKU LABELED (1):
    ! 10155219  Mary Kay Supreme Hydrating Lipstick - Rockstar Red (Old SKU)  (replaced by 10249163)

[ES] Done.
  Catalog before : 488 SKUs
  Scraped        : 403 products
  Total now      : 488 SKUs
  Saved to       : /Users/desktop/Documents/Brian's Folder/Python Projects/MK Automation/catalog/es.csv
  No changes.

Sending change summary email...
  Email sent to briankrause@gmail.com
