Digest sent for June 1, 2026 (224 messages, 14 consultants)
Digest sent for June 2, 2026 (74 messages, 7 consultants)
Digest sent for June 3, 2026 (114 messages, 10 consultants)
Digest sent for June 4, 2026 (46 messages, 7 consultants)
Digest sent for June 5, 2026 (97 messages, 8 consultants)
Digest sent for June 6, 2026 (88 messages, 11 consultants)
Traceback (most recent call last):
  File "/Users/desktop/Documents/Brian's Folder/Python Projects/MK Automation/daily_digest.py", line 133, in <module>
    run()
    ~~~^^
  File "/Users/desktop/Documents/Brian's Folder/Python Projects/MK Automation/daily_digest.py", line 114, in run
    <p style="color:#999;font-size:11px">Highlighted rows = unknown intent or low confidence · {now_utc.strftime("%Y-%m-%d %H:%M UTC")}</p>
                                                                                                ^^^^^^^
NameError: name 'now_utc' is not defined
Digest sent for June 8, 2026 (42 messages, 9 consultants)
Digest sent for June 9, 2026 (22 messages, 6 consultants)
Digest sent for June 10, 2026 (99 messages, 5 consultants)
Digest sent for June 11, 2026 (77 messages, 8 consultants)
Digest sent for June 12, 2026 (199 messages, 8 consultants)
Digest sent for June 13, 2026 (20 messages, 4 consultants)
No intent logs for June 14, 2026, skipping.
No intent logs for June 15, 2026, skipping.
No intent logs for June 16, 2026, skipping.
Digest sent for June 17, 2026 (45 messages, 10 consultants)
Digest sent for June 18, 2026 (16 messages, 4 consultants)
Digest sent for June 19, 2026 (74 messages, 8 consultants)
Digest sent for June 20, 2026 (41 messages, 6 consultants)
Digest sent for June 21, 2026 (76 messages, 7 consultants)
Digest sent for June 22, 2026 (164 messages, 9 consultants)
Digest sent for June 23, 2026 (90 messages, 10 consultants)
Digest sent for June 24, 2026 (130 messages, 8 consultants)
Digest sent for June 25, 2026 (110 messages, 12 consultants)
Digest sent for June 26, 2026 (243 messages, 7 consultants)
Digest sent for June 27, 2026 (119 messages, 9 consultants)
Digest sent for June 28, 2026 (184 messages, 8 consultants)
Digest sent for June 29, 2026 (239 messages, 16 consultants)
Digest sent for June 30, 2026 (558 messages, 18 consultants)
Digest sent for July 1, 2026 (70 messages, 10 consultants)
Digest sent for July 2, 2026 (75 messages, 8 consultants)
Digest sent for July 3, 2026 (78 messages, 8 consultants)
Digest sent for July 4, 2026 (6 messages, 2 consultants)
Digest sent for July 5, 2026 (21 messages, 7 consultants)
Digest sent for July 6, 2026 (210 messages, 12 consultants)
Digest sent for July 7, 2026 (92 messages, 8 consultants)
Digest sent for July 8, 2026 (119 messages, 9 consultants)
Digest sent for July 9, 2026 (50 messages, 7 consultants)
Digest sent for July 10, 2026 (78 messages, 9 consultants)
Digest sent for July 11, 2026 (52 messages, 8 consultants)
Digest sent for July 12, 2026 (59 messages, 7 consultants)
Digest sent for July 13, 2026 (60 messages, 11 consultants)
Digest sent for July 14, 2026 (76 messages, 8 consultants)
Digest sent for July 15, 2026 (74 messages, 8 consultants)
Digest sent for July 16, 2026 (34 messages, 9 consultants)
Digest sent for July 17, 2026 (41 messages, 12 consultants)
Digest sent for July 18, 2026 (97 messages, 6 consultants)
Digest sent for July 19, 2026 (146 messages, 11 consultants)
Digest sent for July 20, 2026 (68 messages, 9 consultants)
Digest sent for July 21, 2026 (161 messages, 14 consultants)
