
[UIRecon] scheduled run 2026-07-04T17:00:05

=== SURFACE 1: login / customer list ===
[login] STEP 1/8 goto_login — navigating to https://apps.marykayintouch.com/customer-list
[login] STEP 2/8 wait_consultant_number — waiting for 'Consultant Number' textbox
[login] STEP 3/8 fill_credentials — filling consultant number + password
[login] STEP 4/8 click_log_in — clicking 'Log In'
[login] STEP 5/8 check_invalid_login — checking for 'Invalid login attempt.' banner
[login] STEP 6/8 finish_logging_in — checking for Salesforce 'Finish Logging In' interstitial (optional)
[login] STEP 7/8 nav_back_mycustomers — returning to customer list if redirected away
[login] STEP 8/8 wait_mycustomers_ready — waiting for 'New Customer' button (MyCustomers ready)
    probe OK   search box ('Note Title' searchbox)
    buttons: ['Add Tags', 'Archive', 'Delete', 'Export', 'Last Name', 'New Customer', 'New Order', 'Print', 'Send MKeCard®']

=== SURFACE 2: new-customer form (no save) ===
    probe OK   'Save New Customer' button
    probe OK   'Email Address (Optional)' field
    probe OK   'Birthday (Optional)' field
    textboxes: ['Add Tags separated by a comma.', 'MM/DD/YYYY', 'emailAddress', 'firstName', 'lastName', 'phoneNumber', 'referredBy']

=== SURFACE 3: customer detail + address dialog (no save) ===
    probe OK   'Add Order' button
    probe OK   subscriptions section
    probe OK   'Add New Address' button
    detail buttons: ['Add New Address', 'Add New Note', 'Add Order', 'Archive', 'Delete', 'Edit Tags', 'New Customer', 'New Order']
    probe OK   AddressFirstName field
    probe OK   Street field
    probe OK   City field
    probe OK   PostalCode field
    probe OK   state 'Select an option' dropdown
    probe OK   'Add Apartment/Suite/Etc' button
    dialog buttons: ['', 'Add Apartment/Suite/Etc', 'Add New Address', 'Cancel', 'Close Cancel']

=== SURFACE 4: order form (no save — closed via Cancel) ===
    probe OK   'My Inventory' fulfillment option
    probe OK   'Customer Delivery Service' fulfillment option
    probe OK   'Save and Review' button
    probe OK   product search box
    probe OK   'Add to Bag' button after SKU search

==================================================
No changes vs baseline — all surfaces look normal.

[UIRecon] clean — no alert

[UIRecon] scheduled run 2026-07-05T06:45:00

=== SURFACE 1: login / customer list ===
[login] STEP 1/8 goto_login — navigating to https://apps.marykayintouch.com/customer-list
[login] STEP 2/8 wait_consultant_number — waiting for 'Consultant Number' textbox
[login] STEP 3/8 fill_credentials — filling consultant number + password
[login] STEP 4/8 click_log_in — clicking 'Log In'
[login] STEP 5/8 check_invalid_login — checking for 'Invalid login attempt.' banner
[login] STEP 6/8 finish_logging_in — checking for Salesforce 'Finish Logging In' interstitial (optional)
[login] STEP 7/8 nav_back_mycustomers — returning to customer list if redirected away
[login] STEP 8/8 wait_mycustomers_ready — waiting for 'New Customer' button (MyCustomers ready)
    probe OK   search box ('Note Title' searchbox)
    buttons: ['Add Tags', 'Archive', 'Delete', 'Export', 'First Name', 'New Customer', 'New Order', 'Print', 'Send MKeCard®']

=== SURFACE 2: new-customer form (no save) ===
    probe OK   'Save New Customer' button
    probe OK   'Email Address (Optional)' field
    probe OK   'Birthday (Optional)' field
    textboxes: ['Add Tags separated by a comma.', 'MM/DD/YYYY', 'emailAddress', 'firstName', 'lastName', 'phoneNumber', 'referredBy']

=== SURFACE 3: customer detail + address dialog (no save) ===
    probe OK   'Add Order' button
    probe OK   subscriptions section
    probe OK   'Add New Address' button
    detail buttons: ['Add New Address', 'Add New Note', 'Add Order', 'Archive', 'Delete', 'Edit Tags', 'New Customer', 'New Order']
    probe OK   AddressFirstName field
    probe OK   Street field
    probe OK   City field
    probe OK   PostalCode field
    probe OK   state 'Select an option' dropdown
    probe OK   'Add Apartment/Suite/Etc' button
    dialog buttons: ['', 'Add Apartment/Suite/Etc', 'Add New Address', 'Cancel', 'Close Cancel']

=== SURFACE 4: order form (no save — closed via Cancel) ===
    probe OK   'My Inventory' fulfillment option
    probe OK   'Customer Delivery Service' fulfillment option
    probe OK   'Save and Review' button
    probe OK   product search box
    probe OK   'Add to Bag' button after SKU search

==================================================
*** CHANGES DETECTED vs BASELINE ***
  [customer_list] NEW button: 'First Name'
  [customer_list] MISSING button (possibly renamed): 'Last Name'

If intentional/accepted: python run_ui_recon.py --reset

[UIRecon] email alert status: 200
[UIRecon] PB alert status: 200

[UIRecon] scheduled run 2026-07-05T17:00:00

=== SURFACE 1: login / customer list ===
[login] STEP 1/8 goto_login — navigating to https://apps.marykayintouch.com/customer-list
[login] STEP 2/8 wait_consultant_number — waiting for 'Consultant Number' textbox
[login] STEP 3/8 fill_credentials — filling consultant number + password
[login] STEP 4/8 click_log_in — clicking 'Log In'
[login] STEP 5/8 check_invalid_login — checking for 'Invalid login attempt.' banner
[login] STEP 6/8 finish_logging_in — checking for Salesforce 'Finish Logging In' interstitial (optional)
[login] STEP 7/8 nav_back_mycustomers — returning to customer list if redirected away
[login] STEP 8/8 wait_mycustomers_ready — waiting for 'New Customer' button (MyCustomers ready)
    probe OK   search box ('Note Title' searchbox)
    buttons: ['Add Tags', 'Archive', 'Delete', 'Export', 'New Customer', 'New Order', 'Print', 'Send MKeCard®']

=== SURFACE 2: new-customer form (no save) ===
    probe OK   'Save New Customer' button
    probe OK   'Email Address (Optional)' field
    probe OK   'Birthday (Optional)' field
    textboxes: ['Add Tags separated by a comma.', 'MM/DD/YYYY', 'emailAddress', 'firstName', 'lastName', 'phoneNumber', 'referredBy']

=== SURFACE 3: customer detail + address dialog (no save) ===
    probe OK   'Add Order' button
    probe OK   subscriptions section
    probe OK   'Add New Address' button
    detail buttons: ['Add New Address', 'Add New Note', 'Add Order', 'Archive', 'Delete', 'Edit Tags', 'New Customer', 'New Order']
    probe OK   AddressFirstName field
    probe OK   Street field
    probe OK   City field
    probe OK   PostalCode field
    probe OK   state 'Select an option' dropdown
    probe OK   'Add Apartment/Suite/Etc' button
    dialog buttons: ['', 'Add Apartment/Suite/Etc', 'Add New Address', 'Cancel', 'Close Cancel']

=== SURFACE 4: order form (no save — closed via Cancel) ===
    probe OK   'My Inventory' fulfillment option
    probe OK   'Customer Delivery Service' fulfillment option
    probe OK   'Save and Review' button
    probe OK   product search box
    probe OK   'Add to Bag' button after SKU search

==================================================
No changes vs baseline — all surfaces look normal.

[UIRecon] clean — no alert

[UIRecon] scheduled run 2026-07-06T06:45:00

=== SURFACE 1: login / customer list ===
[login] STEP 1/8 goto_login — navigating to https://apps.marykayintouch.com/customer-list
[login] STEP 2/8 wait_consultant_number — waiting for 'Consultant Number' textbox
[login] STEP 3/8 fill_credentials — filling consultant number + password
[login] STEP 4/8 click_log_in — clicking 'Log In'
[login] STEP 5/8 check_invalid_login — checking for 'Invalid login attempt.' banner
[login] STEP 6/8 finish_logging_in — checking for Salesforce 'Finish Logging In' interstitial (optional)
[login] STEP 7/8 nav_back_mycustomers — returning to customer list if redirected away
[login] STEP 8/8 wait_mycustomers_ready — waiting for 'New Customer' button (MyCustomers ready)
    probe OK   search box ('Note Title' searchbox)
    buttons: ['Add Tags', 'Archive', 'Delete', 'Export', 'New Customer', 'New Order', 'Print', 'Send MKeCard®']

=== SURFACE 2: new-customer form (no save) ===
    probe OK   'Save New Customer' button
    probe OK   'Email Address (Optional)' field
    probe OK   'Birthday (Optional)' field
    textboxes: ['Add Tags separated by a comma.', 'MM/DD/YYYY', 'emailAddress', 'firstName', 'lastName', 'phoneNumber', 'referredBy']

=== SURFACE 3: customer detail + address dialog (no save) ===
    probe OK   'Add Order' button
    probe OK   subscriptions section
    probe OK   'Add New Address' button
    detail buttons: ['Add New Address', 'Add New Note', 'Add Order', 'Archive', 'Delete', 'Edit Tags', 'New Customer', 'New Order']
    probe OK   AddressFirstName field
    probe OK   Street field
    probe OK   City field
    probe OK   PostalCode field
    probe OK   state 'Select an option' dropdown
    probe OK   'Add Apartment/Suite/Etc' button
    dialog buttons: ['', 'Add Apartment/Suite/Etc', 'Add New Address', 'Cancel', 'Close Cancel']

=== SURFACE 4: order form (no save — closed via Cancel) ===
    probe OK   'My Inventory' fulfillment option
    probe OK   'Customer Delivery Service' fulfillment option
    probe OK   'Save and Review' button
    probe OK   product search box
    probe OK   'Add to Bag' button after SKU search

==================================================
No changes vs baseline — all surfaces look normal.

[UIRecon] clean — no alert

[UIRecon] scheduled run 2026-07-06T17:00:01

=== SURFACE 1: login / customer list ===
[login] STEP 1/8 goto_login — navigating to https://apps.marykayintouch.com/customer-list
[login] STEP 2/8 wait_consultant_number — waiting for 'Consultant Number' textbox
[login] STEP 3/8 fill_credentials — filling consultant number + password
[login] STEP 4/8 click_log_in — clicking 'Log In'
[login] STEP 5/8 check_invalid_login — checking for 'Invalid login attempt.' banner
[login] STEP 6/8 finish_logging_in — checking for Salesforce 'Finish Logging In' interstitial (optional)
[login] STEP 7/8 nav_back_mycustomers — returning to customer list if redirected away
[login] STEP 8/8 wait_mycustomers_ready — waiting for 'New Customer' button (MyCustomers ready)
    probe OK   search box ('Note Title' searchbox)
    buttons: ['Add Tags', 'Archive', 'Delete', 'Export', 'New Customer', 'New Order', 'Print', 'Send MKeCard®']

=== SURFACE 2: new-customer form (no save) ===
    probe OK   'Save New Customer' button
    probe OK   'Email Address (Optional)' field
    probe OK   'Birthday (Optional)' field
    textboxes: ['Add Tags separated by a comma.', 'MM/DD/YYYY', 'emailAddress', 'firstName', 'lastName', 'phoneNumber', 'referredBy']

=== SURFACE 3: customer detail + address dialog (no save) ===
    probe OK   'Add Order' button
    probe OK   subscriptions section
    probe OK   'Add New Address' button
    detail buttons: ['Add New Address', 'Add New Note', 'Add Order', 'Archive', 'Delete', 'Edit Tags', 'New Customer', 'New Order']
    probe OK   AddressFirstName field
    probe OK   Street field
    probe OK   City field
    probe OK   PostalCode field
    probe OK   state 'Select an option' dropdown
    probe OK   'Add Apartment/Suite/Etc' button
    dialog buttons: ['', 'Add Apartment/Suite/Etc', 'Add New Address', 'Cancel', 'Close Cancel']

=== SURFACE 4: order form (no save — closed via Cancel) ===
    probe OK   'My Inventory' fulfillment option
    probe OK   'Customer Delivery Service' fulfillment option
    probe OK   'Save and Review' button
    probe OK   product search box
    !! SKU 10179024 produced no search result (attempt 1)
    probe OK   'Add to Bag' button after SKU search

==================================================
No changes vs baseline — all surfaces look normal.

[UIRecon] clean — no alert

[UIRecon] scheduled run 2026-07-07T06:45:00

=== SURFACE 1: login / customer list ===
[login] STEP 1/8 goto_login — navigating to https://apps.marykayintouch.com/customer-list
[login] STEP 2/8 wait_consultant_number — waiting for 'Consultant Number' textbox
[login] STEP 3/8 fill_credentials — filling consultant number + password
[login] STEP 4/8 click_log_in — clicking 'Log In'
[login] STEP 5/8 check_invalid_login — checking for 'Invalid login attempt.' banner
[login] STEP 6/8 finish_logging_in — checking for Salesforce 'Finish Logging In' interstitial (optional)
[login] STEP 7/8 nav_back_mycustomers — returning to customer list if redirected away
[login] STEP 8/8 wait_mycustomers_ready — waiting for 'New Customer' button (MyCustomers ready)
    probe OK   search box ('Note Title' searchbox)
    buttons: ['Add Tags', 'Archive', 'Delete', 'Export', 'New Customer', 'New Order', 'Print', 'Send MKeCard®']

=== SURFACE 2: new-customer form (no save) ===
    probe OK   'Save New Customer' button
    probe OK   'Email Address (Optional)' field
    probe OK   'Birthday (Optional)' field
    textboxes: ['Add Tags separated by a comma.', 'MM/DD/YYYY', 'emailAddress', 'firstName', 'lastName', 'phoneNumber', 'referredBy']

=== SURFACE 3: customer detail + address dialog (no save) ===
    probe OK   'Add Order' button
    probe OK   subscriptions section
    probe OK   'Add New Address' button
    detail buttons: ['Add New Address', 'Add New Note', 'Add Order', 'Archive', 'Delete', 'Edit Tags', 'New Customer', 'New Order']
    probe OK   AddressFirstName field
    probe OK   Street field
    probe OK   City field
    probe OK   PostalCode field
    probe OK   state 'Select an option' dropdown
    probe OK   'Add Apartment/Suite/Etc' button
    dialog buttons: ['', 'Add Apartment/Suite/Etc', 'Add New Address', 'Cancel', 'Close Cancel']

=== SURFACE 4: order form (no save — closed via Cancel) ===
    probe OK   'My Inventory' fulfillment option
    probe OK   'Customer Delivery Service' fulfillment option
    probe OK   'Save and Review' button
    probe OK   product search box
    probe OK   'Add to Bag' button after SKU search

==================================================
No changes vs baseline — all surfaces look normal.

[UIRecon] clean — no alert

[UIRecon] scheduled run 2026-07-07T17:00:00

=== SURFACE 1: login / customer list ===
[login] STEP 1/8 goto_login — navigating to https://apps.marykayintouch.com/customer-list
[login] STEP 2/8 wait_consultant_number — waiting for 'Consultant Number' textbox
[login] STEP 3/8 fill_credentials — filling consultant number + password
[login] STEP 4/8 click_log_in — clicking 'Log In'
[login] STEP 5/8 check_invalid_login — checking for 'Invalid login attempt.' banner
[login] STEP 6/8 finish_logging_in — checking for Salesforce 'Finish Logging In' interstitial (optional)
[login] STEP 7/8 nav_back_mycustomers — returning to customer list if redirected away
[login] STEP 8/8 wait_mycustomers_ready — waiting for 'New Customer' button (MyCustomers ready)
    probe OK   search box ('Note Title' searchbox)
    buttons: ['Add Tags', 'Archive', 'Delete', 'Export', 'New Customer', 'New Order', 'Print', 'Send MKeCard®']

=== SURFACE 2: new-customer form (no save) ===
    probe OK   'Save New Customer' button
    probe OK   'Email Address (Optional)' field
    probe OK   'Birthday (Optional)' field
    textboxes: ['Add Tags separated by a comma.', 'MM/DD/YYYY', 'emailAddress', 'firstName', 'lastName', 'phoneNumber', 'referredBy']

=== SURFACE 3: customer detail + address dialog (no save) ===
    probe OK   'Add Order' button
    probe OK   subscriptions section
    probe OK   'Add New Address' button
    detail buttons: ['Add New Address', 'Add New Note', 'Add Order', 'Archive', 'Delete', 'Edit Tags', 'New Customer', 'New Order']
    probe OK   AddressFirstName field
    probe OK   Street field
    probe OK   City field
    probe OK   PostalCode field
    probe OK   state 'Select an option' dropdown
    probe OK   'Add Apartment/Suite/Etc' button
    dialog buttons: ['', 'Add Apartment/Suite/Etc', 'Add New Address', 'Cancel', 'Close Cancel']

=== SURFACE 4: order form (no save — closed via Cancel) ===
    probe OK   'My Inventory' fulfillment option
    probe OK   'Customer Delivery Service' fulfillment option
    probe OK   'Save and Review' button
    probe OK   product search box
    probe OK   'Add to Bag' button after SKU search

==================================================
No changes vs baseline — all surfaces look normal.

[UIRecon] clean — no alert

[UIRecon] scheduled run 2026-07-08T06:45:05

=== SURFACE 1: login / customer list ===
[login] STEP 1/8 goto_login — navigating to https://apps.marykayintouch.com/customer-list
[login] STEP 2/8 wait_consultant_number — waiting for 'Consultant Number' textbox
[login] STEP 3/8 fill_credentials — filling consultant number + password
[login] STEP 4/8 click_log_in — clicking 'Log In'
[login] STEP 5/8 check_invalid_login — checking for 'Invalid login attempt.' banner
[login] STEP 6/8 finish_logging_in — checking for Salesforce 'Finish Logging In' interstitial (optional)
[login] STEP 7/8 nav_back_mycustomers — returning to customer list if redirected away
[login] STEP 8/8 wait_mycustomers_ready — waiting for 'New Customer' button (MyCustomers ready)
    probe OK   search box ('Note Title' searchbox)
    buttons: ['Add Tags', 'Archive', 'Delete', 'Export', 'New Customer', 'New Order', 'Print', 'Send MKeCard®']

=== SURFACE 2: new-customer form (no save) ===
    probe OK   'Save New Customer' button
    probe OK   'Email Address (Optional)' field
    probe OK   'Birthday (Optional)' field
    textboxes: ['Add Tags separated by a comma.', 'MM/DD/YYYY', 'emailAddress', 'firstName', 'lastName', 'phoneNumber', 'referredBy']

=== SURFACE 3: customer detail + address dialog (no save) ===
    probe OK   'Add Order' button
    probe OK   subscriptions section
    probe OK   'Add New Address' button
    detail buttons: ['Add New Address', 'Add New Note', 'Add Order', 'Archive', 'Delete', 'Edit Tags', 'New Customer', 'New Order']
    probe OK   AddressFirstName field
    probe OK   Street field
    probe OK   City field
    probe OK   PostalCode field
    probe OK   state 'Select an option' dropdown
    probe OK   'Add Apartment/Suite/Etc' button
    dialog buttons: ['', 'Add Apartment/Suite/Etc', 'Add New Address', 'Cancel', 'Close Cancel']

=== SURFACE 4: order form (no save — closed via Cancel) ===
    probe OK   'My Inventory' fulfillment option
    probe OK   'Customer Delivery Service' fulfillment option
    probe OK   'Save and Review' button
    probe OK   product search box
    !! SKU 10179024 produced no search result (attempt 1)
    probe OK   'Add to Bag' button after SKU search

==================================================
No changes vs baseline — all surfaces look normal.

[UIRecon] clean — no alert

[UIRecon] scheduled run 2026-07-08T17:00:00

=== SURFACE 1: login / customer list ===
[login] STEP 1/8 goto_login — navigating to https://apps.marykayintouch.com/customer-list
[login] STEP 2/8 wait_consultant_number — waiting for 'Consultant Number' textbox
[login] STEP 3/8 fill_credentials — filling consultant number + password
[login] STEP 4/8 click_log_in — clicking 'Log In'
[login] STEP 5/8 check_invalid_login — checking for 'Invalid login attempt.' banner
[login] STEP 6/8 finish_logging_in — checking for Salesforce 'Finish Logging In' interstitial (optional)
[login] STEP 7/8 nav_back_mycustomers — returning to customer list if redirected away
[login] STEP 8/8 wait_mycustomers_ready — waiting for 'New Customer' button (MyCustomers ready)
    probe OK   search box ('Note Title' searchbox)
    buttons: ['Add Tags', 'Archive', 'Delete', 'Export', 'New Customer', 'New Order', 'Print', 'Send MKeCard®']

=== SURFACE 2: new-customer form (no save) ===
    probe OK   'Save New Customer' button
    probe OK   'Email Address (Optional)' field
    probe OK   'Birthday (Optional)' field
    textboxes: ['Add Tags separated by a comma.', 'MM/DD/YYYY', 'emailAddress', 'firstName', 'lastName', 'phoneNumber', 'referredBy']

=== SURFACE 3: customer detail + address dialog (no save) ===
    probe OK   'Add Order' button
    probe OK   subscriptions section
    probe OK   'Add New Address' button
    detail buttons: ['Add New Address', 'Add New Note', 'Add Order', 'Archive', 'Delete', 'Edit Tags', 'New Customer', 'New Order']
    probe OK   AddressFirstName field
    probe OK   Street field
    probe OK   City field
    probe OK   PostalCode field
    probe OK   state 'Select an option' dropdown
    probe OK   'Add Apartment/Suite/Etc' button
    dialog buttons: ['', 'Add Apartment/Suite/Etc', 'Add New Address', 'Cancel', 'Close Cancel']

=== SURFACE 4: order form (no save — closed via Cancel) ===
    probe OK   'My Inventory' fulfillment option
    probe OK   'Customer Delivery Service' fulfillment option
    probe OK   'Save and Review' button
    probe OK   product search box
    probe OK   'Add to Bag' button after SKU search

==================================================
No changes vs baseline — all surfaces look normal.

[UIRecon] clean — no alert

[UIRecon] scheduled run 2026-07-09T06:45:05

=== SURFACE 1: login / customer list ===
[login] STEP 1/8 goto_login — navigating to https://apps.marykayintouch.com/customer-list
[login] STEP 2/8 wait_consultant_number — waiting for 'Consultant Number' textbox
[login] STEP 3/8 fill_credentials — filling consultant number + password
[login] STEP 4/8 click_log_in — clicking 'Log In'
[login] STEP 5/8 check_invalid_login — checking for 'Invalid login attempt.' banner
[login] STEP 6/8 finish_logging_in — checking for Salesforce 'Finish Logging In' interstitial (optional)
[login] STEP 7/8 nav_back_mycustomers — returning to customer list if redirected away
[login] STEP 8/8 wait_mycustomers_ready — waiting for 'New Customer' button (MyCustomers ready)
    probe OK   search box ('Note Title' searchbox)
    buttons: ['Add Tags', 'Archive', 'Delete', 'Export', 'New Customer', 'New Order', 'Print', 'Send MKeCard®']

=== SURFACE 2: new-customer form (no save) ===
    probe OK   'Save New Customer' button
    probe OK   'Email Address (Optional)' field
    probe OK   'Birthday (Optional)' field
    textboxes: ['Add Tags separated by a comma.', 'MM/DD/YYYY', 'emailAddress', 'firstName', 'lastName', 'phoneNumber', 'referredBy']

=== SURFACE 3: customer detail + address dialog (no save) ===
    probe OK   'Add Order' button
    probe OK   subscriptions section
    probe OK   'Add New Address' button
    detail buttons: ['Add New Address', 'Add New Note', 'Add Order', 'Archive', 'Delete', 'Edit Tags', 'New Customer', 'New Order']
    probe OK   AddressFirstName field
    probe OK   Street field
    probe OK   City field
    probe OK   PostalCode field
    probe OK   state 'Select an option' dropdown
    probe OK   'Add Apartment/Suite/Etc' button
    dialog buttons: ['', 'Add Apartment/Suite/Etc', 'Add New Address', 'Cancel', 'Close Cancel']

=== SURFACE 4: order form (no save — closed via Cancel) ===
    probe OK   'My Inventory' fulfillment option
    probe OK   'Customer Delivery Service' fulfillment option
    probe OK   'Save and Review' button
    probe OK   product search box
    probe OK   'Add to Bag' button after SKU search

==================================================
No changes vs baseline — all surfaces look normal.

[UIRecon] clean — no alert

[UIRecon] scheduled run 2026-07-09T17:00:00

=== SURFACE 1: login / customer list ===
[login] STEP 1/8 goto_login — navigating to https://apps.marykayintouch.com/customer-list
[login] STEP 2/8 wait_consultant_number — waiting for 'Consultant Number' textbox
[login] STEP 3/8 fill_credentials — filling consultant number + password
[login] STEP 4/8 click_log_in — clicking 'Log In'
[login] STEP 5/8 check_invalid_login — checking for 'Invalid login attempt.' banner
[login] STEP 6/8 finish_logging_in — checking for Salesforce 'Finish Logging In' interstitial (optional)
[login] STEP 7/8 nav_back_mycustomers — returning to customer list if redirected away
[login] STEP 8/8 wait_mycustomers_ready — waiting for 'New Customer' button (MyCustomers ready)
    probe OK   search box ('Note Title' searchbox)
    buttons: ['Add Tags', 'Archive', 'Delete', 'Export', 'New Customer', 'New Order', 'Print', 'Send MKeCard®']

=== SURFACE 2: new-customer form (no save) ===
    probe OK   'Save New Customer' button
    probe OK   'Email Address (Optional)' field
    probe OK   'Birthday (Optional)' field
    textboxes: ['Add Tags separated by a comma.', 'MM/DD/YYYY', 'emailAddress', 'firstName', 'lastName', 'phoneNumber', 'referredBy']

=== SURFACE 3: customer detail + address dialog (no save) ===
    probe OK   'Add Order' button
    probe OK   subscriptions section
    probe OK   'Add New Address' button
    detail buttons: ['Add New Address', 'Add New Note', 'Add Order', 'Archive', 'Delete', 'Edit Tags', 'New Customer', 'New Order']
    probe OK   AddressFirstName field
    probe OK   Street field
    probe OK   City field
    probe OK   PostalCode field
    probe OK   state 'Select an option' dropdown
    probe OK   'Add Apartment/Suite/Etc' button
    dialog buttons: ['', 'Add Apartment/Suite/Etc', 'Add New Address', 'Cancel', 'Close Cancel']

=== SURFACE 4: order form (no save — closed via Cancel) ===
    probe OK   'My Inventory' fulfillment option
    probe OK   'Customer Delivery Service' fulfillment option
    probe OK   'Save and Review' button
    probe OK   product search box
    probe OK   'Add to Bag' button after SKU search

==================================================
No changes vs baseline — all surfaces look normal.

[UIRecon] clean — no alert

[UIRecon] scheduled run 2026-07-10T06:45:05

=== SURFACE 1: login / customer list ===
[login] STEP 1/8 goto_login — navigating to https://apps.marykayintouch.com/customer-list
[login] STEP 2/8 wait_consultant_number — waiting for 'Consultant Number' textbox
[login] STEP 3/8 fill_credentials — filling consultant number + password
[login] STEP 4/8 click_log_in — clicking 'Log In'
[login] STEP 5/8 check_invalid_login — checking for 'Invalid login attempt.' banner
[login] STEP 6/8 finish_logging_in — checking for Salesforce 'Finish Logging In' interstitial (optional)
[login] STEP 7/8 nav_back_mycustomers — returning to customer list if redirected away
[login] STEP 8/8 wait_mycustomers_ready — waiting for 'New Customer' button (MyCustomers ready)
    probe OK   search box ('Note Title' searchbox)
    buttons: ['Add Tags', 'Archive', 'Delete', 'Export', 'New Customer', 'New Order', 'Print', 'Send MKeCard®']

=== SURFACE 2: new-customer form (no save) ===
    probe OK   'Save New Customer' button
    probe OK   'Email Address (Optional)' field
    probe OK   'Birthday (Optional)' field
    textboxes: ['Add Tags separated by a comma.', 'MM/DD/YYYY', 'emailAddress', 'firstName', 'lastName', 'phoneNumber', 'referredBy']

=== SURFACE 3: customer detail + address dialog (no save) ===
    probe OK   'Add Order' button
    probe OK   subscriptions section
    probe OK   'Add New Address' button
    detail buttons: ['Add New Address', 'Add New Note', 'Add Order', 'Archive', 'Delete', 'Edit Tags', 'New Customer', 'New Order']
    probe OK   AddressFirstName field
    probe OK   Street field
    probe OK   City field
    probe OK   PostalCode field
    probe OK   state 'Select an option' dropdown
    probe OK   'Add Apartment/Suite/Etc' button
    dialog buttons: ['', 'Add Apartment/Suite/Etc', 'Add New Address', 'Cancel', 'Close Cancel']

=== SURFACE 4: order form (no save — closed via Cancel) ===
    probe OK   'My Inventory' fulfillment option
    probe OK   'Customer Delivery Service' fulfillment option
    probe OK   'Save and Review' button
    probe OK   product search box
    probe OK   'Add to Bag' button after SKU search

==================================================
No changes vs baseline — all surfaces look normal.

[UIRecon] clean — no alert

[UIRecon] scheduled run 2026-07-10T17:00:00

=== SURFACE 1: login / customer list ===
[login] STEP 1/8 goto_login — navigating to https://apps.marykayintouch.com/customer-list
[login] STEP 2/8 wait_consultant_number — waiting for 'Consultant Number' textbox
[login] STEP 3/8 fill_credentials — filling consultant number + password
[login] STEP 4/8 click_log_in — clicking 'Log In'
[login] STEP 5/8 check_invalid_login — checking for 'Invalid login attempt.' banner
[login] STEP 6/8 finish_logging_in — checking for Salesforce 'Finish Logging In' interstitial (optional)
[login] STEP 7/8 nav_back_mycustomers — returning to customer list if redirected away
[login] STEP 8/8 wait_mycustomers_ready — waiting for 'New Customer' button (MyCustomers ready)
    probe OK   search box ('Note Title' searchbox)
    buttons: ['Add Tags', 'Archive', 'Delete', 'Export', 'New Customer', 'New Order', 'Print', 'Send MKeCard®']

=== SURFACE 2: new-customer form (no save) ===
    probe OK   'Save New Customer' button
    probe OK   'Email Address (Optional)' field
    probe OK   'Birthday (Optional)' field
    textboxes: ['Add Tags separated by a comma.', 'MM/DD/YYYY', 'emailAddress', 'firstName', 'lastName', 'phoneNumber', 'referredBy']

=== SURFACE 3: customer detail + address dialog (no save) ===
    probe OK   'Add Order' button
    probe OK   subscriptions section
    probe OK   'Add New Address' button
    detail buttons: ['Add New Address', 'Add New Note', 'Add Order', 'Archive', 'Delete', 'Edit Tags', 'New Customer', 'New Order']
    probe OK   AddressFirstName field
    probe OK   Street field
    probe OK   City field
    probe OK   PostalCode field
    probe OK   state 'Select an option' dropdown
    probe OK   'Add Apartment/Suite/Etc' button
    dialog buttons: ['', 'Add Apartment/Suite/Etc', 'Add New Address', 'Cancel', 'Close Cancel']

=== SURFACE 4: order form (no save — closed via Cancel) ===
    probe OK   'My Inventory' fulfillment option
    probe OK   'Customer Delivery Service' fulfillment option
    probe OK   'Save and Review' button
    probe OK   product search box
    probe OK   'Add to Bag' button after SKU search

==================================================
No changes vs baseline — all surfaces look normal.

[UIRecon] clean — no alert

[UIRecon] scheduled run 2026-07-11T06:45:04

=== SURFACE 1: login / customer list ===
[login] STEP 1/8 goto_login — navigating to https://apps.marykayintouch.com/customer-list
[login] STEP 2/8 wait_consultant_number — waiting for 'Consultant Number' textbox
[login] STEP 3/8 fill_credentials — filling consultant number + password
[login] STEP 4/8 click_log_in — clicking 'Log In'
[login] STEP 5/8 check_invalid_login — checking for 'Invalid login attempt.' banner
[login] STEP 6/8 finish_logging_in — checking for Salesforce 'Finish Logging In' interstitial (optional)
[login] STEP 7/8 nav_back_mycustomers — returning to customer list if redirected away
[login] STEP 8/8 wait_mycustomers_ready — waiting for 'New Customer' button (MyCustomers ready)
    probe OK   search box ('Note Title' searchbox)
    buttons: ['Add Tags', 'Archive', 'Delete', 'Export', 'New Customer', 'New Order', 'Print', 'Send MKeCard®']

=== SURFACE 2: new-customer form (no save) ===
    probe OK   'Save New Customer' button
    probe OK   'Email Address (Optional)' field
    probe OK   'Birthday (Optional)' field
    textboxes: ['Add Tags separated by a comma.', 'MM/DD/YYYY', 'emailAddress', 'firstName', 'lastName', 'phoneNumber', 'referredBy']

=== SURFACE 3: customer detail + address dialog (no save) ===
    probe OK   'Add Order' button
    probe OK   subscriptions section
    probe OK   'Add New Address' button
    detail buttons: ['Add New Address', 'Add New Note', 'Add Order', 'Archive', 'Delete', 'Edit Tags', 'New Customer', 'New Order']
    probe OK   AddressFirstName field
    probe OK   Street field
    probe OK   City field
    probe OK   PostalCode field
    probe OK   state 'Select an option' dropdown
    probe OK   'Add Apartment/Suite/Etc' button
    dialog buttons: ['', 'Add Apartment/Suite/Etc', 'Add New Address', 'Cancel', 'Close Cancel']

=== SURFACE 4: order form (no save — closed via Cancel) ===
    probe OK   'My Inventory' fulfillment option
    probe OK   'Customer Delivery Service' fulfillment option
    probe OK   'Save and Review' button
    probe OK   product search box
    probe OK   'Add to Bag' button after SKU search

==================================================
No changes vs baseline — all surfaces look normal.

[UIRecon] clean — no alert

[UIRecon] scheduled run 2026-07-11T17:00:00

=== SURFACE 1: login / customer list ===
[login] STEP 1/8 goto_login — navigating to https://apps.marykayintouch.com/customer-list
[login] STEP 2/8 wait_consultant_number — waiting for 'Consultant Number' textbox
[login] STEP 3/8 fill_credentials — filling consultant number + password
[login] STEP 4/8 click_log_in — clicking 'Log In'
[login] STEP 5/8 check_invalid_login — checking for 'Invalid login attempt.' banner
[login] STEP 6/8 finish_logging_in — checking for Salesforce 'Finish Logging In' interstitial (optional)
[login] STEP 7/8 nav_back_mycustomers — returning to customer list if redirected away
[login] STEP 8/8 wait_mycustomers_ready — waiting for 'New Customer' button (MyCustomers ready)
    probe OK   search box ('Note Title' searchbox)
    buttons: ['Add Tags', 'Archive', 'Delete', 'Export', 'New Customer', 'New Order', 'Print', 'Send MKeCard®']

=== SURFACE 2: new-customer form (no save) ===
    probe OK   'Save New Customer' button
    probe OK   'Email Address (Optional)' field
    probe OK   'Birthday (Optional)' field
    textboxes: ['Add Tags separated by a comma.', 'MM/DD/YYYY', 'emailAddress', 'firstName', 'lastName', 'phoneNumber', 'referredBy']

=== SURFACE 3: customer detail + address dialog (no save) ===
    probe OK   'Add Order' button
    probe OK   subscriptions section
    probe OK   'Add New Address' button
    detail buttons: ['Add New Address', 'Add New Note', 'Add Order', 'Archive', 'Delete', 'Edit Tags', 'New Customer', 'New Order']
    probe OK   AddressFirstName field
    probe OK   Street field
    probe OK   City field
    probe OK   PostalCode field
    probe OK   state 'Select an option' dropdown
    probe OK   'Add Apartment/Suite/Etc' button
    dialog buttons: ['', 'Add Apartment/Suite/Etc', 'Add New Address', 'Cancel', 'Close Cancel']

=== SURFACE 4: order form (no save — closed via Cancel) ===
    probe OK   'My Inventory' fulfillment option
    probe OK   'Customer Delivery Service' fulfillment option
    probe OK   'Save and Review' button
    probe OK   product search box
    probe OK   'Add to Bag' button after SKU search

==================================================
No changes vs baseline — all surfaces look normal.

[UIRecon] clean — no alert

[UIRecon] scheduled run 2026-07-12T06:45:00

=== SURFACE 1: login / customer list ===
[login] STEP 1/8 goto_login — navigating to https://apps.marykayintouch.com/customer-list
[login] STEP 2/8 wait_consultant_number — waiting for 'Consultant Number' textbox
[login] STEP 3/8 fill_credentials — filling consultant number + password
[login] STEP 4/8 click_log_in — clicking 'Log In'
[login] STEP 5/8 check_invalid_login — checking for 'Invalid login attempt.' banner
[login] STEP 6/8 finish_logging_in — checking for Salesforce 'Finish Logging In' interstitial (optional)
[login] STEP 7/8 nav_back_mycustomers — returning to customer list if redirected away
[login] STEP 8/8 wait_mycustomers_ready — waiting for 'New Customer' button (MyCustomers ready)
    probe OK   search box ('Note Title' searchbox)
    buttons: ['Add Tags', 'Archive', 'Delete', 'Export', 'New Customer', 'New Order', 'Print', 'Send MKeCard®']

=== SURFACE 2: new-customer form (no save) ===
    probe OK   'Save New Customer' button
    probe OK   'Email Address (Optional)' field
    probe OK   'Birthday (Optional)' field
    textboxes: ['Add Tags separated by a comma.', 'MM/DD/YYYY', 'emailAddress', 'firstName', 'lastName', 'phoneNumber', 'referredBy']

=== SURFACE 3: customer detail + address dialog (no save) ===
    probe OK   'Add Order' button
    probe OK   subscriptions section
    probe OK   'Add New Address' button
    detail buttons: ['Add New Address', 'Add New Note', 'Add Order', 'Archive', 'Delete', 'Edit Tags', 'New Customer', 'New Order']
    probe OK   AddressFirstName field
    probe OK   Street field
    probe OK   City field
    probe OK   PostalCode field
    probe OK   state 'Select an option' dropdown
    probe OK   'Add Apartment/Suite/Etc' button
    dialog buttons: ['', 'Add Apartment/Suite/Etc', 'Add New Address', 'Cancel', 'Close Cancel']

=== SURFACE 4: order form (no save — closed via Cancel) ===
    probe OK   'My Inventory' fulfillment option
    probe OK   'Customer Delivery Service' fulfillment option
    probe OK   'Save and Review' button
    probe OK   product search box
    !! SKU 10179024 produced no search result (attempt 1)
    probe OK   'Add to Bag' button after SKU search

==================================================
No changes vs baseline — all surfaces look normal.

[UIRecon] clean — no alert

[UIRecon] scheduled run 2026-07-12T17:00:00

=== SURFACE 1: login / customer list ===
[login] STEP 1/8 goto_login — navigating to https://apps.marykayintouch.com/customer-list
[login] STEP 2/8 wait_consultant_number — waiting for 'Consultant Number' textbox
[login] STEP 3/8 fill_credentials — filling consultant number + password
[login] STEP 4/8 click_log_in — clicking 'Log In'
[login] STEP 5/8 check_invalid_login — checking for 'Invalid login attempt.' banner
[login] STEP 6/8 finish_logging_in — checking for Salesforce 'Finish Logging In' interstitial (optional)
[login] STEP 7/8 nav_back_mycustomers — returning to customer list if redirected away
[login] STEP 8/8 wait_mycustomers_ready — waiting for 'New Customer' button (MyCustomers ready)
    probe OK   search box ('Note Title' searchbox)
    buttons: ['Add Tags', 'Archive', 'Delete', 'Export', 'New Customer', 'New Order', 'Print', 'Send MKeCard®']

=== SURFACE 2: new-customer form (no save) ===
    probe OK   'Save New Customer' button
    probe OK   'Email Address (Optional)' field
    probe OK   'Birthday (Optional)' field
    textboxes: ['Add Tags separated by a comma.', 'MM/DD/YYYY', 'emailAddress', 'firstName', 'lastName', 'phoneNumber', 'referredBy']

=== SURFACE 3: customer detail + address dialog (no save) ===
    probe OK   'Add Order' button
    probe OK   subscriptions section
    probe OK   'Add New Address' button
    detail buttons: ['Add New Address', 'Add New Note', 'Add Order', 'Archive', 'Delete', 'Edit Tags', 'New Customer', 'New Order']
    probe OK   AddressFirstName field
    probe OK   Street field
    probe OK   City field
    probe OK   PostalCode field
    probe OK   state 'Select an option' dropdown
    probe OK   'Add Apartment/Suite/Etc' button
    dialog buttons: ['', 'Add Apartment/Suite/Etc', 'Add New Address', 'Cancel', 'Close Cancel']

=== SURFACE 4: order form (no save — closed via Cancel) ===
    probe OK   'My Inventory' fulfillment option
    probe OK   'Customer Delivery Service' fulfillment option
    probe OK   'Save and Review' button
    probe OK   product search box
    probe OK   'Add to Bag' button after SKU search

==================================================
No changes vs baseline — all surfaces look normal.

[UIRecon] clean — no alert

[UIRecon] scheduled run 2026-07-13T06:45:00

=== SURFACE 1: login / customer list ===
[login] STEP 1/8 goto_login — navigating to https://apps.marykayintouch.com/customer-list
[login] STEP 2/8 wait_consultant_number — waiting for 'Consultant Number' textbox
[login] STEP 3/8 fill_credentials — filling consultant number + password
[login] STEP 4/8 click_log_in — clicking 'Log In'
[login] STEP 5/8 check_invalid_login — checking for 'Invalid login attempt.' banner
[login] STEP 6/8 finish_logging_in — checking for Salesforce 'Finish Logging In' interstitial (optional)
[login] STEP 7/8 nav_back_mycustomers — returning to customer list if redirected away
[login] STEP 8/8 wait_mycustomers_ready — waiting for 'New Customer' button (MyCustomers ready)
    probe OK   search box ('Note Title' searchbox)
    buttons: ['Add Tags', 'Archive', 'Delete', 'Export', 'New Customer', 'New Order', 'Print', 'Send MKeCard®']

=== SURFACE 2: new-customer form (no save) ===
    probe OK   'Save New Customer' button
    probe OK   'Email Address (Optional)' field
    probe OK   'Birthday (Optional)' field
    textboxes: ['Add Tags separated by a comma.', 'MM/DD/YYYY', 'emailAddress', 'firstName', 'lastName', 'phoneNumber', 'referredBy']

=== SURFACE 3: customer detail + address dialog (no save) ===
    probe OK   'Add Order' button
    probe OK   subscriptions section
    probe OK   'Add New Address' button
    detail buttons: ['Add New Address', 'Add New Note', 'Add Order', 'Archive', 'Delete', 'Edit Tags', 'New Customer', 'New Order']
    probe OK   AddressFirstName field
    probe OK   Street field
    probe OK   City field
    probe OK   PostalCode field
    probe OK   state 'Select an option' dropdown
    probe OK   'Add Apartment/Suite/Etc' button
    dialog buttons: ['', 'Add Apartment/Suite/Etc', 'Add New Address', 'Cancel', 'Close Cancel']

=== SURFACE 4: order form (no save — closed via Cancel) ===
    probe OK   'My Inventory' fulfillment option
    probe OK   'Customer Delivery Service' fulfillment option
    probe OK   'Save and Review' button
    probe OK   product search box
    !! SKU 10179024 produced no search result (attempt 1)
    probe OK   'Add to Bag' button after SKU search

==================================================
No changes vs baseline — all surfaces look normal.

[UIRecon] clean — no alert

[UIRecon] scheduled run 2026-07-13T17:00:00

=== SURFACE 1: login / customer list ===
[login] STEP 1/8 goto_login — navigating to https://apps.marykayintouch.com/customer-list
[login] STEP 2/8 wait_consultant_number — waiting for 'Consultant Number' textbox
[login] STEP 3/8 fill_credentials — filling consultant number + password
[login] STEP 4/8 click_log_in — clicking 'Log In'
[login] STEP 5/8 check_invalid_login — checking for 'Invalid login attempt.' banner
[login] STEP 6/8 finish_logging_in — checking for Salesforce 'Finish Logging In' interstitial (optional)
[login] STEP 7/8 nav_back_mycustomers — returning to customer list if redirected away
[login] STEP 8/8 wait_mycustomers_ready — waiting for 'New Customer' button (MyCustomers ready)
    probe OK   search box ('Note Title' searchbox)
    buttons: ['Add Tags', 'Archive', 'Delete', 'Export', 'New Customer', 'New Order', 'Print', 'Send MKeCard®']

=== SURFACE 2: new-customer form (no save) ===
    probe OK   'Save New Customer' button
    probe OK   'Email Address (Optional)' field
    probe OK   'Birthday (Optional)' field
    textboxes: ['Add Tags separated by a comma.', 'MM/DD/YYYY', 'emailAddress', 'firstName', 'lastName', 'phoneNumber', 'referredBy']

=== SURFACE 3: customer detail + address dialog (no save) ===
    probe OK   'Add Order' button
    probe OK   subscriptions section
    probe OK   'Add New Address' button
    detail buttons: ['Add New Address', 'Add New Note', 'Add Order', 'Archive', 'Delete', 'Edit Tags', 'New Customer', 'New Order']
    probe OK   AddressFirstName field
    probe OK   Street field
    probe OK   City field
    probe OK   PostalCode field
    probe OK   state 'Select an option' dropdown
    probe OK   'Add Apartment/Suite/Etc' button
    dialog buttons: ['', 'Add Apartment/Suite/Etc', 'Add New Address', 'Cancel', 'Close Cancel']

=== SURFACE 4: order form (no save — closed via Cancel) ===
    probe OK   'My Inventory' fulfillment option
    probe OK   'Customer Delivery Service' fulfillment option
    probe OK   'Save and Review' button
    probe OK   product search box
    probe OK   'Add to Bag' button after SKU search

==================================================
No changes vs baseline — all surfaces look normal.

[UIRecon] clean — no alert

[UIRecon] scheduled run 2026-07-14T06:45:05

=== SURFACE 1: login / customer list ===
[login] STEP 1/8 goto_login — navigating to https://apps.marykayintouch.com/customer-list
[login] STEP 2/8 wait_consultant_number — waiting for 'Consultant Number' textbox
[login] STEP 3/8 fill_credentials — filling consultant number + password
[login] STEP 4/8 click_log_in — clicking 'Log In'
[login] STEP 5/8 check_invalid_login — checking for 'Invalid login attempt.' banner
[login] STEP 6/8 finish_logging_in — checking for Salesforce 'Finish Logging In' interstitial (optional)
[login] STEP 7/8 nav_back_mycustomers — returning to customer list if redirected away
[login] STEP 8/8 wait_mycustomers_ready — waiting for 'New Customer' button (MyCustomers ready)
    probe OK   search box ('Note Title' searchbox)
    buttons: ['Add Tags', 'Archive', 'Delete', 'Export', 'New Customer', 'New Order', 'Print', 'Send MKeCard®']

=== SURFACE 2: new-customer form (no save) ===
    probe OK   'Save New Customer' button
    probe OK   'Email Address (Optional)' field
    probe OK   'Birthday (Optional)' field
    textboxes: ['Add Tags separated by a comma.', 'MM/DD/YYYY', 'emailAddress', 'firstName', 'lastName', 'phoneNumber', 'referredBy']

=== SURFACE 3: customer detail + address dialog (no save) ===
    probe OK   'Add Order' button
    probe OK   subscriptions section
    probe OK   'Add New Address' button
    detail buttons: ['Add New Address', 'Add New Note', 'Add Order', 'Archive', 'Delete', 'Edit Tags', 'New Customer', 'New Order']
    probe OK   AddressFirstName field
    probe OK   Street field
    probe OK   City field
    probe OK   PostalCode field
    probe OK   state 'Select an option' dropdown
    probe OK   'Add Apartment/Suite/Etc' button
    dialog buttons: ['', 'Add Apartment/Suite/Etc', 'Add New Address', 'Cancel', 'Close Cancel']

=== SURFACE 4: order form (no save — closed via Cancel) ===
    probe OK   'My Inventory' fulfillment option
    probe OK   'Customer Delivery Service' fulfillment option
    probe OK   'Save and Review' button
    probe OK   product search box
    probe OK   'Add to Bag' button after SKU search

==================================================
No changes vs baseline — all surfaces look normal.

[UIRecon] clean — no alert

[UIRecon] scheduled run 2026-07-14T17:00:03

=== SURFACE 1: login / customer list ===
[login] STEP 1/8 goto_login — navigating to https://apps.marykayintouch.com/customer-list
[login] STEP 2/8 wait_consultant_number — waiting for 'Consultant Number' textbox
[login] STEP 3/8 fill_credentials — filling consultant number + password
[login] STEP 4/8 click_log_in — clicking 'Log In'
[login] STEP 5/8 check_invalid_login — checking for 'Invalid login attempt.' banner
[login] STEP 6/8 finish_logging_in — checking for Salesforce 'Finish Logging In' interstitial (optional)
[login] STEP 7/8 nav_back_mycustomers — returning to customer list if redirected away
[login] STEP 8/8 wait_mycustomers_ready — waiting for 'New Customer' button (MyCustomers ready)
Traceback (most recent call last):
  File "/Users/desktop/Documents/Brian's Folder/Python Projects/MK Automation/run_ui_recon.py", line 306, in <module>
    sys.exit(main())
             ~~~~^^
  File "/Users/desktop/Documents/Brian's Folder/Python Projects/MK Automation/run_ui_recon.py", line 93, in main
    login_intouch(page, USERNAME, PASSWORD)
    ~~~~~~~~~~~~~^^^^^^^^^^^^^^^^^^^^^^^^^^
  File "/Users/desktop/Documents/Brian's Folder/Python Projects/MK Automation/playwright_automation/login.py", line 81, in login_intouch
    _wait_for_mycustomers_ready(page, timeout_ms=45000)
    ~~~~~~~~~~~~~~~~~~~~~~~~~~~^^^^^^^^^^^^^^^^^^^^^^^^
  File "/Users/desktop/Documents/Brian's Folder/Python Projects/MK Automation/playwright_automation/login.py", line 14, in _wait_for_mycustomers_ready
    page.get_by_role("button", name="New Customer").wait_for(timeout=timeout_ms)
    ~~~~~~~~~~~~~~~~~~~~~~~~~~~~~~~~~~~~~~~~~~~~~~~~~~~~~~~~^^^^^^^^^^^^^^^^^^^^
  File "/Users/desktop/Documents/Brian's Folder/Python Projects/MK Automation/venv/lib/python3.14/site-packages/playwright/sync_api/_generated.py", line 18074, in wait_for
    self._sync(self._impl_obj.wait_for(timeout=timeout, state=state))
    ~~~~~~~~~~^^^^^^^^^^^^^^^^^^^^^^^^^^^^^^^^^^^^^^^^^^^^^^^^^^^^^^^
  File "/Users/desktop/Documents/Brian's Folder/Python Projects/MK Automation/venv/lib/python3.14/site-packages/playwright/_impl/_sync_base.py", line 115, in _sync
    return task.result()
           ~~~~~~~~~~~^^
  File "/Users/desktop/Documents/Brian's Folder/Python Projects/MK Automation/venv/lib/python3.14/site-packages/playwright/_impl/_locator.py", line 710, in wait_for
    await self._frame.wait_for_selector(
        self._selector, strict=True, timeout=timeout, state=state
    )
  File "/Users/desktop/Documents/Brian's Folder/Python Projects/MK Automation/venv/lib/python3.14/site-packages/playwright/_impl/_frame.py", line 369, in wait_for_selector
    await self._channel.send(
        "waitForSelector", self._timeout, locals_to_params(locals())
    )
  File "/Users/desktop/Documents/Brian's Folder/Python Projects/MK Automation/venv/lib/python3.14/site-packages/playwright/_impl/_connection.py", line 69, in send
    return await self._connection.wrap_api_call(
           ^^^^^^^^^^^^^^^^^^^^^^^^^^^^^^^^^^^^^
    ...<3 lines>...
    )
    ^
  File "/Users/desktop/Documents/Brian's Folder/Python Projects/MK Automation/venv/lib/python3.14/site-packages/playwright/_impl/_connection.py", line 559, in wrap_api_call
    raise rewrite_error(error, f"{parsed_st['apiName']}: {error}") from None
playwright._impl._errors.TimeoutError: Locator.wait_for: Timeout 45000ms exceeded.
Call log:
  - waiting for get_by_role("button", name="New Customer") to be visible


[UIRecon] email alert status: 200
[UIRecon] push alert sent to 1 device(s)
[UIRecon] PB alert status: 200

[UIRecon] scheduled run 2026-07-15T06:45:00

=== SURFACE 1: login / customer list ===
[login] STEP 1/8 goto_login — navigating to https://apps.marykayintouch.com/customer-list
[login] STEP 2/8 wait_consultant_number — waiting for 'Consultant Number' textbox
[login] STEP 3/8 fill_credentials — filling consultant number + password
[login] STEP 4/8 click_log_in — clicking 'Log In'
[login] STEP 5/8 check_invalid_login — checking for 'Invalid login attempt.' banner
[login] STEP 6/8 finish_logging_in — checking for Salesforce 'Finish Logging In' interstitial (optional)
[login] STEP 7/8 nav_back_mycustomers — returning to customer list if redirected away
[login] STEP 8/8 wait_mycustomers_ready — waiting for 'New Customer' button (MyCustomers ready)
    probe OK   search box ('Note Title' searchbox)
    buttons: ['Add Tags', 'Archive', 'Delete', 'Export', 'New Customer', 'New Order', 'Print', 'Send MKeCard®']

=== SURFACE 2: new-customer form (no save) ===
    probe OK   'Save New Customer' button
    probe OK   'Email Address (Optional)' field
    probe OK   'Birthday (Optional)' field
    textboxes: ['Add Tags separated by a comma.', 'MM/DD/YYYY', 'emailAddress', 'firstName', 'lastName', 'phoneNumber', 'referredBy']

=== SURFACE 3: customer detail + address dialog (no save) ===
    probe OK   'Add Order' button
    probe OK   subscriptions section
    probe OK   'Add New Address' button
    detail buttons: ['Add New Address', 'Add New Note', 'Add Order', 'Archive', 'Delete', 'Edit Tags', 'New Customer', 'New Order']
    probe OK   AddressFirstName field
    probe OK   Street field
    probe OK   City field
    probe OK   PostalCode field
    probe OK   state 'Select an option' dropdown
    probe OK   'Add Apartment/Suite/Etc' button
    dialog buttons: ['', 'Add Apartment/Suite/Etc', 'Add New Address', 'Cancel', 'Close Cancel']

=== SURFACE 4: order form (no save — closed via Cancel) ===
    probe OK   'My Inventory' fulfillment option
    probe OK   'Customer Delivery Service' fulfillment option
    probe OK   'Save and Review' button
    probe OK   product search box
    probe OK   'Add to Bag' button after SKU search

==================================================
No changes vs baseline — all surfaces look normal.

[UIRecon] clean — no alert

[UIRecon] scheduled run 2026-07-15T17:00:04

=== SURFACE 1: login / customer list ===
[login] STEP 1/8 goto_login — navigating to https://apps.marykayintouch.com/customer-list
[login] STEP 2/8 wait_consultant_number — waiting for 'Consultant Number' textbox
[login] STEP 3/8 fill_credentials — filling consultant number + password
[login] STEP 4/8 click_log_in — clicking 'Log In'
[login] STEP 5/8 check_invalid_login — checking for 'Invalid login attempt.' banner
[login] STEP 6/8 finish_logging_in — checking for Salesforce 'Finish Logging In' interstitial (optional)
[login] STEP 7/8 nav_back_mycustomers — returning to customer list if redirected away
[login] STEP 8/8 wait_mycustomers_ready — waiting for 'New Customer' button (MyCustomers ready)
    probe OK   search box ('Note Title' searchbox)
    buttons: ['Add Tags', 'Archive', 'Delete', 'Export', 'New Customer', 'New Order', 'Print', 'Send MKeCard®']

=== SURFACE 2: new-customer form (no save) ===
    probe OK   'Save New Customer' button
    probe OK   'Email Address (Optional)' field
    probe OK   'Birthday (Optional)' field
    textboxes: ['Add Tags separated by a comma.', 'MM/DD/YYYY', 'emailAddress', 'firstName', 'lastName', 'phoneNumber', 'referredBy']

=== SURFACE 3: customer detail + address dialog (no save) ===
    probe OK   'Add Order' button
    probe OK   subscriptions section
    probe OK   'Add New Address' button
    detail buttons: ['Add New Address', 'Add New Note', 'Add Order', 'Archive', 'Delete', 'Edit Tags', 'New Customer', 'New Order']
    probe OK   AddressFirstName field
    probe OK   Street field
    probe OK   City field
    probe OK   PostalCode field
    probe OK   state 'Select an option' dropdown
    probe OK   'Add Apartment/Suite/Etc' button
    dialog buttons: ['', 'Add Apartment/Suite/Etc', 'Add New Address', 'Cancel', 'Close Cancel']

=== SURFACE 4: order form (no save — closed via Cancel) ===
    probe OK   'My Inventory' fulfillment option
    probe OK   'Customer Delivery Service' fulfillment option
    probe OK   'Save and Review' button
    probe OK   product search box
    probe OK   'Add to Bag' button after SKU search

==================================================
No changes vs baseline — all surfaces look normal.

[UIRecon] clean — no alert

[UIRecon] scheduled run 2026-07-16T06:45:05

=== SURFACE 1: login / customer list ===
[login] STEP 1/8 goto_login — navigating to https://apps.marykayintouch.com/customer-list
[login] STEP 2/8 wait_consultant_number — waiting for 'Consultant Number' textbox
[login] STEP 3/8 fill_credentials — filling consultant number + password
[login] STEP 4/8 click_log_in — clicking 'Log In'
[login] STEP 5/8 check_invalid_login — checking for 'Invalid login attempt.' banner
[login] STEP 6/8 finish_logging_in — checking for Salesforce 'Finish Logging In' interstitial (optional)
[login] STEP 7/8 nav_back_mycustomers — returning to customer list if redirected away
[login] STEP 8/8 wait_mycustomers_ready — waiting for 'New Customer' button (MyCustomers ready)
    probe OK   search box ('Note Title' searchbox)
    buttons: ['Add Tags', 'Archive', 'Delete', 'Export', 'New Customer', 'New Order', 'Print', 'Send MKeCard®']

=== SURFACE 2: new-customer form (no save) ===
    probe OK   'Save New Customer' button
    probe OK   'Email Address (Optional)' field
    probe OK   'Birthday (Optional)' field
    textboxes: ['Add Tags separated by a comma.', 'MM/DD/YYYY', 'emailAddress', 'firstName', 'lastName', 'phoneNumber', 'referredBy']

=== SURFACE 3: customer detail + address dialog (no save) ===
    probe OK   'Add Order' button
    probe OK   subscriptions section
    probe OK   'Add New Address' button
    detail buttons: ['Add New Address', 'Add New Note', 'Add Order', 'Archive', 'Delete', 'Edit Tags', 'New Customer', 'New Order']
    probe OK   AddressFirstName field
    probe OK   Street field
    probe OK   City field
    probe OK   PostalCode field
    probe OK   state 'Select an option' dropdown
    probe OK   'Add Apartment/Suite/Etc' button
    dialog buttons: ['', 'Add Apartment/Suite/Etc', 'Add New Address', 'Cancel', 'Close Cancel']

=== SURFACE 4: order form (no save — closed via Cancel) ===
    probe OK   'My Inventory' fulfillment option
    probe OK   'Customer Delivery Service' fulfillment option
    probe OK   'Save and Review' button
    probe OK   product search box
    probe OK   'Add to Bag' button after SKU search

==================================================
No changes vs baseline — all surfaces look normal.

[UIRecon] clean — no alert

[UIRecon] scheduled run 2026-07-16T17:00:05

=== SURFACE 1: login / customer list ===
[login] STEP 1/8 goto_login — navigating to https://apps.marykayintouch.com/customer-list
[login] STEP 2/8 wait_consultant_number — waiting for 'Consultant Number' textbox
[login] STEP 3/8 fill_credentials — filling consultant number + password
[login] STEP 4/8 click_log_in — clicking 'Log In'
[login] STEP 5/8 check_invalid_login — checking for 'Invalid login attempt.' banner
[login] STEP 6/8 finish_logging_in — checking for Salesforce 'Finish Logging In' interstitial (optional)
[login] STEP 7/8 nav_back_mycustomers — returning to customer list if redirected away
[login] STEP 8/8 wait_mycustomers_ready — waiting for 'New Customer' button (MyCustomers ready)
    probe OK   search box ('Note Title' searchbox)
    buttons: ['Add Tags', 'Archive', 'Delete', 'Export', 'New Customer', 'New Order', 'Print', 'Send MKeCard®']

=== SURFACE 2: new-customer form (no save) ===
    probe OK   'Save New Customer' button
    probe OK   'Email Address (Optional)' field
    probe OK   'Birthday (Optional)' field
    textboxes: ['Add Tags separated by a comma.', 'MM/DD/YYYY', 'emailAddress', 'firstName', 'lastName', 'phoneNumber', 'referredBy']

=== SURFACE 3: customer detail + address dialog (no save) ===
    probe OK   'Add Order' button
    probe OK   subscriptions section
    probe OK   'Add New Address' button
    detail buttons: ['Add New Address', 'Add New Note', 'Add Order', 'Archive', 'Delete', 'Edit Tags', 'New Customer', 'New Order']
    probe OK   AddressFirstName field
    probe OK   Street field
    probe OK   City field
    probe OK   PostalCode field
    probe OK   state 'Select an option' dropdown
    probe OK   'Add Apartment/Suite/Etc' button
    dialog buttons: ['', 'Add Apartment/Suite/Etc', 'Add New Address', 'Cancel', 'Close Cancel']

=== SURFACE 4: order form (no save — closed via Cancel) ===
    probe OK   'My Inventory' fulfillment option
    probe OK   'Customer Delivery Service' fulfillment option
    probe OK   'Save and Review' button
    probe OK   product search box
    probe OK   'Add to Bag' button after SKU search

==================================================
No changes vs baseline — all surfaces look normal.

[UIRecon] clean — no alert

[UIRecon] scheduled run 2026-07-17T06:45:04

=== SURFACE 1: login / customer list ===
[login] STEP 1/8 goto_login — navigating to https://apps.marykayintouch.com/customer-list
[login] STEP 2/8 wait_consultant_number — waiting for 'Consultant Number' textbox
[login] STEP 3/8 fill_credentials — filling consultant number + password
[login] STEP 4/8 click_log_in — clicking 'Log In'
[login] STEP 5/8 check_invalid_login — checking for 'Invalid login attempt.' banner
[login] STEP 6/8 finish_logging_in — checking for Salesforce 'Finish Logging In' interstitial (optional)
[login] STEP 7/8 nav_back_mycustomers — returning to customer list if redirected away
[login] STEP 8/8 wait_mycustomers_ready — waiting for 'New Customer' button (MyCustomers ready)
    probe OK   search box ('Note Title' searchbox)
    buttons: ['Add Tags', 'Archive', 'Delete', 'Export', 'New Customer', 'New Order', 'Print', 'Send MKeCard®']

=== SURFACE 2: new-customer form (no save) ===
    probe OK   'Save New Customer' button
    probe OK   'Email Address (Optional)' field
    probe OK   'Birthday (Optional)' field
    textboxes: ['Add Tags separated by a comma.', 'MM/DD/YYYY', 'emailAddress', 'firstName', 'lastName', 'phoneNumber', 'referredBy']

=== SURFACE 3: customer detail + address dialog (no save) ===
    probe OK   'Add Order' button
    probe OK   subscriptions section
    probe OK   'Add New Address' button
    detail buttons: ['Add New Address', 'Add New Note', 'Add Order', 'Archive', 'Delete', 'Edit Tags', 'New Customer', 'New Order']
    probe OK   AddressFirstName field
    probe OK   Street field
    probe OK   City field
    probe OK   PostalCode field
    probe OK   state 'Select an option' dropdown
    probe OK   'Add Apartment/Suite/Etc' button
    dialog buttons: ['', 'Add Apartment/Suite/Etc', 'Add New Address', 'Cancel', 'Close Cancel']

=== SURFACE 4: order form (no save — closed via Cancel) ===
    probe OK   'My Inventory' fulfillment option
    probe OK   'Customer Delivery Service' fulfillment option
    probe OK   'Save and Review' button
    probe OK   product search box
    probe OK   'Add to Bag' button after SKU search

==================================================
No changes vs baseline — all surfaces look normal.

[UIRecon] clean — no alert

[UIRecon] scheduled run 2026-07-17T17:00:05

=== SURFACE 1: login / customer list ===
[login] STEP 1/8 goto_login — navigating to https://apps.marykayintouch.com/customer-list
[login] STEP 2/8 wait_consultant_number — waiting for 'Consultant Number' textbox
[login] STEP 3/8 fill_credentials — filling consultant number + password
[login] STEP 4/8 click_log_in — clicking 'Log In'
[login] STEP 5/8 check_invalid_login — checking for 'Invalid login attempt.' banner
[login] STEP 6/8 finish_logging_in — checking for Salesforce 'Finish Logging In' interstitial (optional)
[login] STEP 7/8 nav_back_mycustomers — returning to customer list if redirected away
[login] STEP 8/8 wait_mycustomers_ready — waiting for 'New Customer' button (MyCustomers ready)
    probe OK   search box ('Note Title' searchbox)
    buttons: ['Add Tags', 'Archive', 'Delete', 'Export', 'New Customer', 'New Order', 'Print', 'Send MKeCard®']

=== SURFACE 2: new-customer form (no save) ===
    probe OK   'Save New Customer' button
    probe OK   'Email Address (Optional)' field
    probe OK   'Birthday (Optional)' field
    textboxes: ['Add Tags separated by a comma.', 'MM/DD/YYYY', 'emailAddress', 'firstName', 'lastName', 'phoneNumber', 'referredBy']

=== SURFACE 3: customer detail + address dialog (no save) ===
    probe OK   'Add Order' button
    probe OK   subscriptions section
    probe OK   'Add New Address' button
    detail buttons: ['Add New Address', 'Add New Note', 'Add Order', 'Archive', 'Delete', 'Edit Tags', 'New Customer', 'New Order']
    probe OK   AddressFirstName field
    probe OK   Street field
    probe OK   City field
    probe OK   PostalCode field
    probe OK   state 'Select an option' dropdown
    probe OK   'Add Apartment/Suite/Etc' button
    dialog buttons: ['', 'Add Apartment/Suite/Etc', 'Add New Address', 'Cancel', 'Close Cancel']

=== SURFACE 4: order form (no save — closed via Cancel) ===
    probe OK   'My Inventory' fulfillment option
    probe OK   'Customer Delivery Service' fulfillment option
    probe OK   'Save and Review' button
    probe OK   product search box
    probe OK   'Add to Bag' button after SKU search

==================================================
No changes vs baseline — all surfaces look normal.

[UIRecon] clean — no alert

[UIRecon] scheduled run 2026-07-18T06:45:05

=== SURFACE 1: login / customer list ===
[login] STEP 1/8 goto_login — navigating to https://apps.marykayintouch.com/customer-list
[login] STEP 2/8 wait_consultant_number — waiting for 'Consultant Number' textbox
[login] STEP 3/8 fill_credentials — filling consultant number + password
[login] STEP 4/8 click_log_in — clicking 'Log In'
[login] STEP 5/8 check_invalid_login — checking for 'Invalid login attempt.' banner
[login] STEP 6/8 finish_logging_in — checking for Salesforce 'Finish Logging In' interstitial (optional)
[login] STEP 7/8 nav_back_mycustomers — returning to customer list if redirected away
[login] STEP 8/8 wait_mycustomers_ready — waiting for 'New Customer' button (MyCustomers ready)
    probe OK   search box ('Note Title' searchbox)
    buttons: ['Add Tags', 'Archive', 'Delete', 'Export', 'New Customer', 'New Order', 'Print', 'Send MKeCard®']

=== SURFACE 2: new-customer form (no save) ===
    probe OK   'Save New Customer' button
    probe OK   'Email Address (Optional)' field
    probe OK   'Birthday (Optional)' field
    textboxes: ['Add Tags separated by a comma.', 'MM/DD/YYYY', 'emailAddress', 'firstName', 'lastName', 'phoneNumber', 'referredBy']

=== SURFACE 3: customer detail + address dialog (no save) ===
    probe OK   'Add Order' button
    probe OK   subscriptions section
    probe OK   'Add New Address' button
    detail buttons: ['Add New Address', 'Add New Note', 'Add Order', 'Archive', 'Delete', 'Edit Tags', 'New Customer', 'New Order']
    probe OK   AddressFirstName field
    probe OK   Street field
    probe OK   City field
    probe OK   PostalCode field
    probe OK   state 'Select an option' dropdown
    probe OK   'Add Apartment/Suite/Etc' button
    dialog buttons: ['', 'Add Apartment/Suite/Etc', 'Add New Address', 'Cancel', 'Close Cancel']

=== SURFACE 4: order form (no save — closed via Cancel) ===
    probe OK   'My Inventory' fulfillment option
    probe OK   'Customer Delivery Service' fulfillment option
    probe OK   'Save and Review' button
    probe OK   product search box
    probe OK   'Add to Bag' button after SKU search

==================================================
No changes vs baseline — all surfaces look normal.

[UIRecon] clean — no alert

[UIRecon] scheduled run 2026-07-18T17:00:05

=== SURFACE 1: login / customer list ===
[login] STEP 1/8 goto_login — navigating to https://apps.marykayintouch.com/customer-list
[login] STEP 2/8 wait_consultant_number — waiting for 'Consultant Number' textbox
[login] STEP 3/8 fill_credentials — filling consultant number + password
[login] STEP 4/8 click_log_in — clicking 'Log In'
[login] STEP 5/8 check_invalid_login — checking for 'Invalid login attempt.' banner
[login] STEP 6/8 finish_logging_in — checking for Salesforce 'Finish Logging In' interstitial (optional)
[login] STEP 7/8 nav_back_mycustomers — returning to customer list if redirected away
[login] STEP 8/8 wait_mycustomers_ready — waiting for 'New Customer' button (MyCustomers ready)
    probe OK   search box ('Note Title' searchbox)
    buttons: ['Add Tags', 'Archive', 'Delete', 'Export', 'New Customer', 'New Order', 'Print', 'Send MKeCard®']

=== SURFACE 2: new-customer form (no save) ===
    probe OK   'Save New Customer' button
    probe OK   'Email Address (Optional)' field
    probe OK   'Birthday (Optional)' field
    textboxes: ['Add Tags separated by a comma.', 'MM/DD/YYYY', 'emailAddress', 'firstName', 'lastName', 'phoneNumber', 'referredBy']

=== SURFACE 3: customer detail + address dialog (no save) ===
    probe OK   'Add Order' button
    probe OK   subscriptions section
    probe OK   'Add New Address' button
    detail buttons: ['Add New Address', 'Add New Note', 'Add Order', 'Archive', 'Delete', 'Edit Tags', 'New Customer', 'New Order']
    probe OK   AddressFirstName field
    probe OK   Street field
    probe OK   City field
    probe OK   PostalCode field
    probe OK   state 'Select an option' dropdown
    probe OK   'Add Apartment/Suite/Etc' button
    dialog buttons: ['', 'Add Apartment/Suite/Etc', 'Add New Address', 'Cancel', 'Close Cancel']

=== SURFACE 4: order form (no save — closed via Cancel) ===
    probe OK   'My Inventory' fulfillment option
    probe OK   'Customer Delivery Service' fulfillment option
    probe OK   'Save and Review' button
    probe OK   product search box
    probe OK   'Add to Bag' button after SKU search

==================================================
No changes vs baseline — all surfaces look normal.

[UIRecon] clean — no alert

[UIRecon] scheduled run 2026-07-19T06:45:05

=== SURFACE 1: login / customer list ===
[login] STEP 1/8 goto_login — navigating to https://apps.marykayintouch.com/customer-list
[login] STEP 2/8 wait_consultant_number — waiting for 'Consultant Number' textbox
[login] STEP 3/8 fill_credentials — filling consultant number + password
[login] STEP 4/8 click_log_in — clicking 'Log In'
[login] STEP 5/8 check_invalid_login — checking for 'Invalid login attempt.' banner
[login] STEP 6/8 finish_logging_in — checking for Salesforce 'Finish Logging In' interstitial (optional)
[login] STEP 7/8 nav_back_mycustomers — returning to customer list if redirected away
[login] STEP 8/8 wait_mycustomers_ready — waiting for 'New Customer' button (MyCustomers ready)
    probe OK   search box ('Note Title' searchbox)
    buttons: ['Add Tags', 'Archive', 'Delete', 'Export', 'New Customer', 'New Order', 'Print', 'Send MKeCard®']

=== SURFACE 2: new-customer form (no save) ===
    probe OK   'Save New Customer' button
    probe OK   'Email Address (Optional)' field
    probe OK   'Birthday (Optional)' field
    textboxes: ['Add Tags separated by a comma.', 'MM/DD/YYYY', 'emailAddress', 'firstName', 'lastName', 'phoneNumber', 'referredBy']

=== SURFACE 3: customer detail + address dialog (no save) ===
    probe OK   'Add Order' button
    probe OK   subscriptions section
    probe OK   'Add New Address' button
    detail buttons: ['Add New Address', 'Add New Note', 'Add Order', 'Archive', 'Delete', 'Edit Tags', 'New Customer', 'New Order']
    probe OK   AddressFirstName field
    probe OK   Street field
    probe OK   City field
    probe OK   PostalCode field
    probe OK   state 'Select an option' dropdown
    probe OK   'Add Apartment/Suite/Etc' button
    dialog buttons: ['', 'Add Apartment/Suite/Etc', 'Add New Address', 'Cancel', 'Close Cancel']

=== SURFACE 4: order form (no save — closed via Cancel) ===
    probe OK   'My Inventory' fulfillment option
    probe OK   'Customer Delivery Service' fulfillment option
    probe OK   'Save and Review' button
    probe OK   product search box
    probe OK   'Add to Bag' button after SKU search

==================================================
No changes vs baseline — all surfaces look normal.

[UIRecon] clean — no alert

[UIRecon] scheduled run 2026-07-19T17:00:05

=== SURFACE 1: login / customer list ===
[login] STEP 1/8 goto_login — navigating to https://apps.marykayintouch.com/customer-list
[login] STEP 2/8 wait_consultant_number — waiting for 'Consultant Number' textbox
[login] STEP 3/8 fill_credentials — filling consultant number + password
[login] STEP 4/8 click_log_in — clicking 'Log In'
[login] STEP 5/8 check_invalid_login — checking for 'Invalid login attempt.' banner
[login] STEP 6/8 finish_logging_in — checking for Salesforce 'Finish Logging In' interstitial (optional)
[login] STEP 7/8 nav_back_mycustomers — returning to customer list if redirected away
[login] STEP 8/8 wait_mycustomers_ready — waiting for 'New Customer' button (MyCustomers ready)
    probe OK   search box ('Note Title' searchbox)
    buttons: ['Add Tags', 'Archive', 'Delete', 'Export', 'New Customer', 'New Order', 'Print', 'Send MKeCard®']

=== SURFACE 2: new-customer form (no save) ===
    probe OK   'Save New Customer' button
    probe OK   'Email Address (Optional)' field
    probe OK   'Birthday (Optional)' field
    textboxes: ['Add Tags separated by a comma.', 'MM/DD/YYYY', 'emailAddress', 'firstName', 'lastName', 'phoneNumber', 'referredBy']

=== SURFACE 3: customer detail + address dialog (no save) ===
    probe OK   'Add Order' button
    probe OK   subscriptions section
    probe OK   'Add New Address' button
    detail buttons: ['Add New Address', 'Add New Note', 'Add Order', 'Archive', 'Delete', 'Edit Tags', 'New Customer', 'New Order']
    probe OK   AddressFirstName field
    probe OK   Street field
    probe OK   City field
    probe OK   PostalCode field
    probe OK   state 'Select an option' dropdown
    probe OK   'Add Apartment/Suite/Etc' button
    dialog buttons: ['', 'Add Apartment/Suite/Etc', 'Add New Address', 'Cancel', 'Close Cancel']

=== SURFACE 4: order form (no save — closed via Cancel) ===
    probe OK   'My Inventory' fulfillment option
    probe OK   'Customer Delivery Service' fulfillment option
    probe OK   'Save and Review' button
    probe OK   product search box
    probe OK   'Add to Bag' button after SKU search

==================================================
No changes vs baseline — all surfaces look normal.

[UIRecon] clean — no alert

[UIRecon] scheduled run 2026-07-20T06:45:05

=== SURFACE 1: login / customer list ===
[login] STEP 1/8 goto_login — navigating to https://apps.marykayintouch.com/customer-list
[login] STEP 2/8 wait_consultant_number — waiting for 'Consultant Number' textbox
[login] STEP 3/8 fill_credentials — filling consultant number + password
[login] STEP 4/8 click_log_in — clicking 'Log In'
[login] STEP 5/8 check_invalid_login — checking for 'Invalid login attempt.' banner
[login] STEP 6/8 finish_logging_in — checking for Salesforce 'Finish Logging In' interstitial (optional)
[login] STEP 7/8 nav_back_mycustomers — returning to customer list if redirected away
[login] STEP 8/8 wait_mycustomers_ready — waiting for 'New Customer' button (MyCustomers ready)
    probe OK   search box ('Note Title' searchbox)
    buttons: ['Add Tags', 'Archive', 'Delete', 'Export', 'New Customer', 'New Order', 'Print', 'Send MKeCard®']

=== SURFACE 2: new-customer form (no save) ===
    probe OK   'Save New Customer' button
    probe OK   'Email Address (Optional)' field
    probe OK   'Birthday (Optional)' field
    textboxes: ['Add Tags separated by a comma.', 'MM/DD/YYYY', 'emailAddress', 'firstName', 'lastName', 'phoneNumber', 'referredBy']

=== SURFACE 3: customer detail + address dialog (no save) ===
    probe OK   'Add Order' button
    probe OK   subscriptions section
    probe OK   'Add New Address' button
    detail buttons: ['Add New Address', 'Add New Note', 'Add Order', 'Archive', 'Delete', 'Edit Tags', 'New Customer', 'New Order']
    probe OK   AddressFirstName field
    probe OK   Street field
    probe OK   City field
    probe OK   PostalCode field
    probe OK   state 'Select an option' dropdown
    probe OK   'Add Apartment/Suite/Etc' button
    dialog buttons: ['', 'Add Apartment/Suite/Etc', 'Add New Address', 'Cancel', 'Close Cancel']

=== SURFACE 4: order form (no save — closed via Cancel) ===
    probe OK   'My Inventory' fulfillment option
    probe OK   'Customer Delivery Service' fulfillment option
    probe OK   'Save and Review' button
    probe OK   product search box
    !! SKU 10179024 produced no search result (attempt 1)
    probe OK   'Add to Bag' button after SKU search

==================================================
No changes vs baseline — all surfaces look normal.

[UIRecon] clean — no alert

[UIRecon] scheduled run 2026-07-20T17:00:05

=== SURFACE 1: login / customer list ===
[login] STEP 1/8 goto_login — navigating to https://apps.marykayintouch.com/customer-list
[login] STEP 2/8 wait_consultant_number — waiting for 'Consultant Number' textbox
[login] STEP 3/8 fill_credentials — filling consultant number + password
[login] STEP 4/8 click_log_in — clicking 'Log In'
[login] STEP 5/8 check_invalid_login — checking for 'Invalid login attempt.' banner
[login] STEP 6/8 finish_logging_in — checking for Salesforce 'Finish Logging In' interstitial (optional)
[login] STEP 7/8 nav_back_mycustomers — returning to customer list if redirected away
[login] STEP 8/8 wait_mycustomers_ready — waiting for 'New Customer' button (MyCustomers ready)
    probe OK   search box ('Note Title' searchbox)
    buttons: ['Add Tags', 'Archive', 'Delete', 'Export', 'New Customer', 'New Order', 'Print', 'Send MKeCard®']

=== SURFACE 2: new-customer form (no save) ===
    probe OK   'Save New Customer' button
    probe OK   'Email Address (Optional)' field
    probe OK   'Birthday (Optional)' field
    textboxes: ['Add Tags separated by a comma.', 'MM/DD/YYYY', 'emailAddress', 'firstName', 'lastName', 'phoneNumber', 'referredBy']

=== SURFACE 3: customer detail + address dialog (no save) ===
    probe OK   'Add Order' button
    probe OK   subscriptions section
    probe OK   'Add New Address' button
    detail buttons: ['Add New Address', 'Add New Note', 'Add Order', 'Archive', 'Delete', 'Edit Tags', 'New Customer', 'New Order']
    probe OK   AddressFirstName field
    probe OK   Street field
    probe OK   City field
    probe OK   PostalCode field
    probe OK   state 'Select an option' dropdown
    probe OK   'Add Apartment/Suite/Etc' button
    dialog buttons: ['', 'Add Apartment/Suite/Etc', 'Add New Address', 'Cancel', 'Close Cancel']

=== SURFACE 4: order form (no save — closed via Cancel) ===
    probe OK   'My Inventory' fulfillment option
    probe OK   'Customer Delivery Service' fulfillment option
    probe OK   'Save and Review' button
    probe OK   product search box
    probe OK   'Add to Bag' button after SKU search

==================================================
No changes vs baseline — all surfaces look normal.

[UIRecon] clean — no alert

[UIRecon] scheduled run 2026-07-21T06:45:00

=== SURFACE 1: login / customer list ===
[login] STEP 1/8 goto_login — navigating to https://apps.marykayintouch.com/customer-list
[login] STEP 2/8 wait_consultant_number — waiting for 'Consultant Number' textbox
[login] STEP 3/8 fill_credentials — filling consultant number + password
[login] STEP 4/8 click_log_in — clicking 'Log In'
[login] STEP 5/8 check_invalid_login — checking for 'Invalid login attempt.' banner
[login] STEP 6/8 finish_logging_in — checking for Salesforce 'Finish Logging In' interstitial (optional)
[login] STEP 7/8 nav_back_mycustomers — returning to customer list if redirected away
[login] STEP 8/8 wait_mycustomers_ready — waiting for 'New Customer' button (MyCustomers ready)
    probe OK   search box ('Note Title' searchbox)
    buttons: ['Add Tags', 'Archive', 'Delete', 'Export', 'New Customer', 'New Order', 'Print', 'Send MKeCard®']

=== SURFACE 2: new-customer form (no save) ===
    probe OK   'Save New Customer' button
    probe OK   'Email Address (Optional)' field
    probe OK   'Birthday (Optional)' field
    textboxes: ['Add Tags separated by a comma.', 'MM/DD/YYYY', 'emailAddress', 'firstName', 'lastName', 'phoneNumber', 'referredBy']

=== SURFACE 3: customer detail + address dialog (no save) ===
    probe OK   'Add Order' button
    probe OK   subscriptions section
    probe OK   'Add New Address' button
    detail buttons: ['Add New Address', 'Add New Note', 'Add Order', 'Archive', 'Delete', 'Edit Tags', 'New Customer', 'New Order']
    probe OK   AddressFirstName field
    probe OK   Street field
    probe OK   City field
    probe OK   PostalCode field
    probe OK   state 'Select an option' dropdown
    probe OK   'Add Apartment/Suite/Etc' button
    dialog buttons: ['', 'Add Apartment/Suite/Etc', 'Add New Address', 'Cancel', 'Close Cancel']

=== SURFACE 4: order form (no save — closed via Cancel) ===
    probe OK   'My Inventory' fulfillment option
    probe OK   'Customer Delivery Service' fulfillment option
    probe OK   'Save and Review' button
    probe OK   product search box
    probe OK   'Add to Bag' button after SKU search

==================================================
No changes vs baseline — all surfaces look normal.

[UIRecon] clean — no alert

[UIRecon] scheduled run 2026-07-21T17:00:05

=== SURFACE 1: login / customer list ===
[login] STEP 1/8 goto_login — navigating to https://apps.marykayintouch.com/customer-list
[login] STEP 2/8 wait_consultant_number — waiting for 'Consultant Number' textbox
[login] STEP 3/8 fill_credentials — filling consultant number + password
[login] STEP 4/8 click_log_in — clicking 'Log In'
[login] STEP 5/8 check_invalid_login — checking for 'Invalid login attempt.' banner
[login] STEP 6/8 finish_logging_in — checking for Salesforce 'Finish Logging In' interstitial (optional)
[login] STEP 7/8 nav_back_mycustomers — returning to customer list if redirected away
[login] STEP 8/8 wait_mycustomers_ready — waiting for 'New Customer' button (MyCustomers ready)
    probe OK   search box ('Note Title' searchbox)
    buttons: ['Add Tags', 'Archive', 'Delete', 'Export', 'New Customer', 'New Order', 'Print', 'Send MKeCard®']

=== SURFACE 2: new-customer form (no save) ===
    probe OK   'Save New Customer' button
    probe OK   'Email Address (Optional)' field
    probe OK   'Birthday (Optional)' field
    textboxes: ['Add Tags separated by a comma.', 'MM/DD/YYYY', 'emailAddress', 'firstName', 'lastName', 'phoneNumber', 'referredBy']

=== SURFACE 3: customer detail + address dialog (no save) ===
    probe OK   'Add Order' button
    probe OK   subscriptions section
    probe OK   'Add New Address' button
    detail buttons: ['Add New Address', 'Add New Note', 'Add Order', 'Archive', 'Delete', 'Edit Tags', 'New Customer', 'New Order']
    probe OK   AddressFirstName field
    probe OK   Street field
    probe OK   City field
    probe OK   PostalCode field
    probe OK   state 'Select an option' dropdown
    probe OK   'Add Apartment/Suite/Etc' button
    dialog buttons: ['', 'Add Apartment/Suite/Etc', 'Add New Address', 'Cancel', 'Close Cancel']

=== SURFACE 4: order form (no save — closed via Cancel) ===
    probe OK   'My Inventory' fulfillment option
    probe OK   'Customer Delivery Service' fulfillment option
    probe OK   'Save and Review' button
    probe OK   product search box
    probe OK   'Add to Bag' button after SKU search

==================================================
No changes vs baseline — all surfaces look normal.

[UIRecon] clean — no alert

[UIRecon] scheduled run 2026-07-22T06:45:04

=== SURFACE 1: login / customer list ===
[login] STEP 1/8 goto_login — navigating to https://apps.marykayintouch.com/customer-list
[login] STEP 2/8 wait_consultant_number — waiting for 'Consultant Number' textbox
[login] STEP 3/8 fill_credentials — filling consultant number + password
[login] STEP 4/8 click_log_in — clicking 'Log In'
[login] STEP 5/8 check_invalid_login — checking for 'Invalid login attempt.' banner
[login] STEP 6/8 finish_logging_in — checking for Salesforce 'Finish Logging In' interstitial (optional)
[login] STEP 7/8 nav_back_mycustomers — returning to customer list if redirected away
[login] STEP 8/8 wait_mycustomers_ready — waiting for 'New Customer' button (MyCustomers ready)
    probe OK   search box ('Note Title' searchbox)
    buttons: ['Add Tags', 'Archive', 'Delete', 'Export', 'New Customer', 'New Order', 'Print', 'Send MKeCard®']

=== SURFACE 2: new-customer form (no save) ===
    probe OK   'Save New Customer' button
    probe OK   'Email Address (Optional)' field
    probe OK   'Birthday (Optional)' field
    textboxes: ['Add Tags separated by a comma.', 'MM/DD/YYYY', 'emailAddress', 'firstName', 'lastName', 'phoneNumber', 'referredBy']

=== SURFACE 3: customer detail + address dialog (no save) ===
    probe OK   'Add Order' button
    probe OK   subscriptions section
    probe OK   'Add New Address' button
    detail buttons: ['Add New Address', 'Add New Note', 'Add Order', 'Archive', 'Delete', 'Edit Tags', 'New Customer', 'New Order']
    probe OK   AddressFirstName field
    probe OK   Street field
    probe OK   City field
    probe OK   PostalCode field
    probe OK   state 'Select an option' dropdown
    probe OK   'Add Apartment/Suite/Etc' button
    dialog buttons: ['', 'Add Apartment/Suite/Etc', 'Add New Address', 'Cancel', 'Close Cancel']

=== SURFACE 4: order form (no save — closed via Cancel) ===
    probe OK   'My Inventory' fulfillment option
    probe OK   'Customer Delivery Service' fulfillment option
    probe OK   'Save and Review' button
    probe OK   product search box
    !! SKU 10179024 produced no search result (attempt 1)
    probe OK   'Add to Bag' button after SKU search

==================================================
No changes vs baseline — all surfaces look normal.

[UIRecon] clean — no alert

[UIRecon] scheduled run 2026-07-22T17:00:00

=== SURFACE 1: login / customer list ===
[login] STEP 1/8 goto_login — navigating to https://apps.marykayintouch.com/customer-list
[login] STEP 2/8 wait_consultant_number — waiting for 'Consultant Number' textbox
[login] STEP 3/8 fill_credentials — filling consultant number + password
[login] STEP 4/8 click_log_in — clicking 'Log In'
[login] STEP 5/8 check_invalid_login — checking for 'Invalid login attempt.' banner
[login] STEP 6/8 finish_logging_in — checking for Salesforce 'Finish Logging In' interstitial (optional)
[login] STEP 7/8 nav_back_mycustomers — returning to customer list if redirected away
[login] STEP 8/8 wait_mycustomers_ready — waiting for 'New Customer' button (MyCustomers ready)
    probe OK   search box ('Note Title' searchbox)
    buttons: ['Add Tags', 'Archive', 'Delete', 'Export', 'New Customer', 'New Order', 'Print', 'Send MKeCard®']

=== SURFACE 2: new-customer form (no save) ===
    probe OK   'Save New Customer' button
    probe OK   'Email Address (Optional)' field
    probe OK   'Birthday (Optional)' field
    textboxes: ['Add Tags separated by a comma.', 'MM/DD/YYYY', 'emailAddress', 'firstName', 'lastName', 'phoneNumber', 'referredBy']

=== SURFACE 3: customer detail + address dialog (no save) ===
    probe OK   'Add Order' button
    probe OK   subscriptions section
    probe OK   'Add New Address' button
    detail buttons: ['Add New Address', 'Add New Note', 'Add Order', 'Archive', 'Delete', 'Edit Tags', 'New Customer', 'New Order']
    probe OK   AddressFirstName field
    probe OK   Street field
    probe OK   City field
    probe OK   PostalCode field
    probe OK   state 'Select an option' dropdown
    probe OK   'Add Apartment/Suite/Etc' button
    dialog buttons: ['', 'Add Apartment/Suite/Etc', 'Add New Address', 'Cancel', 'Close Cancel']

=== SURFACE 4: order form (no save — closed via Cancel) ===
    probe OK   'My Inventory' fulfillment option
    probe OK   'Customer Delivery Service' fulfillment option
    probe OK   'Save and Review' button
    probe OK   product search box
    probe OK   'Add to Bag' button after SKU search

==================================================
No changes vs baseline — all surfaces look normal.

[UIRecon] clean — no alert

[UIRecon] scheduled run 2026-07-23T06:45:04

=== SURFACE 1: login / customer list ===
[login] STEP 1/8 goto_login — navigating to https://apps.marykayintouch.com/customer-list
[login] STEP 2/8 wait_consultant_number — waiting for 'Consultant Number' textbox
[login] STEP 3/8 fill_credentials — filling consultant number + password
[login] STEP 4/8 click_log_in — clicking 'Log In'
[login] STEP 5/8 check_invalid_login — checking for 'Invalid login attempt.' banner
[login] STEP 6/8 finish_logging_in — checking for Salesforce 'Finish Logging In' interstitial (optional)
[login] STEP 7/8 nav_back_mycustomers — returning to customer list if redirected away
[login] STEP 8/8 wait_mycustomers_ready — waiting for 'New Customer' button (MyCustomers ready)
    probe OK   search box ('Note Title' searchbox)
    buttons: ['Add Tags', 'Archive', 'Delete', 'Export', 'New Customer', 'New Order', 'Print', 'Send MKeCard®']

=== SURFACE 2: new-customer form (no save) ===
    probe OK   'Save New Customer' button
    probe OK   'Email Address (Optional)' field
    probe OK   'Birthday (Optional)' field
    textboxes: ['Add Tags separated by a comma.', 'MM/DD/YYYY', 'emailAddress', 'firstName', 'lastName', 'phoneNumber', 'referredBy']

=== SURFACE 3: customer detail + address dialog (no save) ===
    probe OK   'Add Order' button
    probe OK   subscriptions section
    probe OK   'Add New Address' button
    detail buttons: ['Add New Address', 'Add New Note', 'Add Order', 'Archive', 'Delete', 'Edit Tags', 'New Customer', 'New Order']
    probe OK   AddressFirstName field
    probe OK   Street field
    probe OK   City field
    probe OK   PostalCode field
    probe OK   state 'Select an option' dropdown
    probe OK   'Add Apartment/Suite/Etc' button
    dialog buttons: ['', 'Add Apartment/Suite/Etc', 'Add New Address', 'Cancel', 'Close Cancel']

=== SURFACE 4: order form (no save — closed via Cancel) ===
    probe OK   'My Inventory' fulfillment option
    probe OK   'Customer Delivery Service' fulfillment option
    probe OK   'Save and Review' button
    probe OK   product search box
    probe OK   'Add to Bag' button after SKU search

==================================================
No changes vs baseline — all surfaces look normal.

[UIRecon] clean — no alert
